2019-11-28 16:30:15,003 [Worker-5] INFO  c.g.t.t.d.PublishedGradleVersions - Gradle version information cache is out-of-date. Trying to update.
2019-11-28 16:30:20,064 [Worker-5] INFO  c.g.t.t.d.PublishedGradleVersions - Updating Gradle version information cache failed. Using outdated cache.
2019-11-28 17:53:26,427 [Worker-23] INFO  o.e.m.c.i.l.LifecycleMappingFactory - Using org.eclipse.m2e.jdt.JarLifecycleMapping lifecycle mapping for MavenProject: AutoStudy:AutoStudy:0.0.1-SNAPSHOT @ D:\Sumit Pers\StudyAuto\AutoStudy\pom.xml.
2019-11-28 17:53:28,956 [Worker-23] INFO  o.e.m.j.i.AbstractJavaProjectConfigurator - Adding source folder /AutoStudy/src/main/java
2019-11-28 17:53:28,958 [Worker-23] INFO  o.e.m.j.i.AbstractJavaProjectConfigurator - Adding resource folder /AutoStudy/src/main/resources
2019-11-28 17:53:28,960 [Worker-23] INFO  o.e.m.j.i.AbstractJavaProjectConfigurator - Adding source folder /AutoStudy/src/test/java
2019-11-28 17:53:28,960 [Worker-23] INFO  o.e.m.j.i.AbstractJavaProjectConfigurator - Adding resource folder /AutoStudy/src/test/resources
2019-11-28 17:53:29,549 [Worker-18] WARN  o.e.m.c.i.embedder.EclipseLogger - Using platform encoding (Cp1252 actually) to copy filtered resources, i.e. build is platform dependent!
2019-11-28 17:53:29,606 [Worker-18] INFO  o.e.m.c.i.embedder.EclipseLogger - Copying 0 resource
2019-11-28 17:53:29,610 [Worker-18] WARN  o.e.m.c.i.embedder.EclipseLogger - Using platform encoding (Cp1252 actually) to copy filtered resources, i.e. build is platform dependent!
2019-11-28 17:53:29,626 [Worker-18] INFO  o.e.m.c.i.embedder.EclipseLogger - Copying 0 resource
2019-11-28 17:54:02,774 [Worker-25] WARN  o.e.m.c.i.embedder.EclipseLogger - Using platform encoding (Cp1252 actually) to copy filtered resources, i.e. build is platform dependent!
2019-11-28 17:54:02,812 [Worker-25] INFO  o.e.m.c.i.embedder.EclipseLogger - skip non existing resourceDirectory D:\Sumit Pers\StudyAuto\AutoStudy\src\main\resources
2019-11-28 17:54:02,815 [Worker-25] WARN  o.e.m.c.i.embedder.EclipseLogger - Using platform encoding (Cp1252 actually) to copy filtered resources, i.e. build is platform dependent!
2019-11-28 17:54:02,857 [Worker-25] INFO  o.e.m.c.i.embedder.EclipseLogger - Copying 0 resource
2019-11-28 17:54:17,950 [Worker-0] WARN  o.e.m.c.i.embedder.EclipseLogger - Using platform encoding (Cp1252 actually) to copy filtered resources, i.e. build is platform dependent!
2019-11-28 17:54:18,069 [Worker-0] INFO  o.e.m.c.i.embedder.EclipseLogger - skip non existing resourceDirectory D:\Sumit Pers\StudyAuto\AutoStudy\src\main\resources
2019-11-28 17:54:18,072 [Worker-0] WARN  o.e.m.c.i.embedder.EclipseLogger - Using platform encoding (Cp1252 actually) to copy filtered resources, i.e. build is platform dependent!
2019-11-28 17:54:18,098 [Worker-0] INFO  o.e.m.c.i.embedder.EclipseLogger - Copying 0 resource
2019-11-28 17:54:26,174 [Worker-0] WARN  o.e.m.c.i.embedder.EclipseLogger - Using platform encoding (Cp1252 actually) to copy filtered resources, i.e. build is platform dependent!
2019-11-28 17:54:26,190 [Worker-0] INFO  o.e.m.c.i.embedder.EclipseLogger - skip non existing resourceDirectory D:\Sumit Pers\StudyAuto\AutoStudy\src\main\resources
2019-11-28 17:54:26,193 [Worker-0] WARN  o.e.m.c.i.embedder.EclipseLogger - Using platform encoding (Cp1252 actually) to copy filtered resources, i.e. build is platform dependent!
2019-11-28 17:54:26,210 [Worker-0] INFO  o.e.m.c.i.embedder.EclipseLogger - Copying 0 resource
2019-11-28 17:54:29,505 [Worker-25] WARN  o.e.m.c.i.embedder.EclipseLogger - Using platform encoding (Cp1252 actually) to copy filtered resources, i.e. build is platform dependent!
2019-11-28 17:54:29,532 [Worker-25] INFO  o.e.m.c.i.embedder.EclipseLogger - skip non existing resourceDirectory D:\Sumit Pers\StudyAuto\AutoStudy\src\main\resources
2019-11-28 17:54:29,536 [Worker-25] WARN  o.e.m.c.i.embedder.EclipseLogger - Using platform encoding (Cp1252 actually) to copy filtered resources, i.e. build is platform dependent!
2019-11-28 17:54:29,558 [Worker-25] INFO  o.e.m.c.i.embedder.EclipseLogger - Copying 0 resource
2019-11-28 17:54:42,589 [Worker-15] WARN  o.e.m.c.i.embedder.EclipseLogger - Using platform encoding (Cp1252 actually) to copy filtered resources, i.e. build is platform dependent!
2019-11-28 17:54:42,605 [Worker-15] INFO  o.e.m.c.i.embedder.EclipseLogger - skip non existing resourceDirectory D:\Sumit Pers\StudyAuto\AutoStudy\src\main\resources
2019-11-28 17:54:42,608 [Worker-15] WARN  o.e.m.c.i.embedder.EclipseLogger - Using platform encoding (Cp1252 actually) to copy filtered resources, i.e. build is platform dependent!
2019-11-28 17:54:42,624 [Worker-15] INFO  o.e.m.c.i.embedder.EclipseLogger - Copying 0 resource
2019-11-28 17:54:53,304 [Worker-0] WARN  o.e.m.c.i.embedder.EclipseLogger - Using platform encoding (Cp1252 actually) to copy filtered resources, i.e. build is platform dependent!
2019-11-28 17:54:53,323 [Worker-0] INFO  o.e.m.c.i.embedder.EclipseLogger - skip non existing resourceDirectory D:\Sumit Pers\StudyAuto\AutoStudy\src\main\resources
2019-11-28 17:54:53,326 [Worker-0] WARN  o.e.m.c.i.embedder.EclipseLogger - Using platform encoding (Cp1252 actually) to copy filtered resources, i.e. build is platform dependent!
2019-11-28 17:54:53,391 [Worker-0] INFO  o.e.m.c.i.embedder.EclipseLogger - Copying 0 resource
2019-11-28 17:54:59,880 [Worker-23] WARN  o.e.m.c.i.embedder.EclipseLogger - Using platform encoding (Cp1252 actually) to copy filtered resources, i.e. build is platform dependent!
2019-11-28 17:54:59,900 [Worker-23] INFO  o.e.m.c.i.embedder.EclipseLogger - skip non existing resourceDirectory D:\Sumit Pers\StudyAuto\AutoStudy\src\main\resources
2019-11-28 17:54:59,904 [Worker-23] WARN  o.e.m.c.i.embedder.EclipseLogger - Using platform encoding (Cp1252 actually) to copy filtered resources, i.e. build is platform dependent!
2019-11-28 17:54:59,917 [Worker-23] INFO  o.e.m.c.i.embedder.EclipseLogger - Copying 0 resource
2019-11-28 17:55:12,213 [Worker-19] WARN  o.e.m.c.i.embedder.EclipseLogger - Using platform encoding (Cp1252 actually) to copy filtered resources, i.e. build is platform dependent!
2019-11-28 17:55:12,225 [Worker-19] INFO  o.e.m.c.i.embedder.EclipseLogger - skip non existing resourceDirectory D:\Sumit Pers\StudyAuto\AutoStudy\src\main\resources
2019-11-28 17:55:12,227 [Worker-19] WARN  o.e.m.c.i.embedder.EclipseLogger - Using platform encoding (Cp1252 actually) to copy filtered resources, i.e. build is platform dependent!
2019-11-28 17:55:12,244 [Worker-19] INFO  o.e.m.c.i.embedder.EclipseLogger - Copying 0 resource
2019-11-28 17:55:58,586 [Worker-14] WARN  o.e.m.c.i.embedder.EclipseLogger - Using platform encoding (Cp1252 actually) to copy filtered resources, i.e. build is platform dependent!
2019-11-28 17:55:58,598 [Worker-14] INFO  o.e.m.c.i.embedder.EclipseLogger - skip non existing resourceDirectory D:\Sumit Pers\StudyAuto\AutoStudy\src\main\resources
2019-11-28 17:55:58,600 [Worker-14] WARN  o.e.m.c.i.embedder.EclipseLogger - Using platform encoding (Cp1252 actually) to copy filtered resources, i.e. build is platform dependent!
2019-11-28 17:55:58,612 [Worker-14] INFO  o.e.m.c.i.embedder.EclipseLogger - Copying 0 resource
2019-11-28 17:56:04,966 [Worker-20] WARN  o.e.m.c.i.embedder.EclipseLogger - Using platform encoding (Cp1252 actually) to copy filtered resources, i.e. build is platform dependent!
2019-11-28 17:56:04,978 [Worker-20] INFO  o.e.m.c.i.embedder.EclipseLogger - skip non existing resourceDirectory D:\Sumit Pers\StudyAuto\AutoStudy\src\main\resources
2019-11-28 17:56:04,980 [Worker-20] WARN  o.e.m.c.i.embedder.EclipseLogger - Using platform encoding (Cp1252 actually) to copy filtered resources, i.e. build is platform dependent!
2019-11-28 17:56:04,997 [Worker-20] INFO  o.e.m.c.i.embedder.EclipseLogger - skip non existing resourceDirectory D:\Sumit Pers\StudyAuto\AutoStudy\src\test\resources
2019-11-28 17:56:16,003 [Worker-20] WARN  o.e.m.c.i.embedder.EclipseLogger - Using platform encoding (Cp1252 actually) to copy filtered resources, i.e. build is platform dependent!
2019-11-28 17:56:16,015 [Worker-20] INFO  o.e.m.c.i.embedder.EclipseLogger - skip non existing resourceDirectory D:\Sumit Pers\StudyAuto\AutoStudy\src\main\resources
2019-11-28 17:56:16,018 [Worker-20] WARN  o.e.m.c.i.embedder.EclipseLogger - Using platform encoding (Cp1252 actually) to copy filtered resources, i.e. build is platform dependent!
2019-11-28 17:56:16,029 [Worker-20] INFO  o.e.m.c.i.embedder.EclipseLogger - skip non existing resourceDirectory D:\Sumit Pers\StudyAuto\AutoStudy\src\test\resources
2019-11-28 17:56:20,188 [Worker-23] WARN  o.e.m.c.i.embedder.EclipseLogger - Using platform encoding (Cp1252 actually) to copy filtered resources, i.e. build is platform dependent!
2019-11-28 17:56:20,200 [Worker-23] INFO  o.e.m.c.i.embedder.EclipseLogger - skip non existing resourceDirectory D:\Sumit Pers\StudyAuto\AutoStudy\src\main\resources
2019-11-28 17:56:20,201 [Worker-23] WARN  o.e.m.c.i.embedder.EclipseLogger - Using platform encoding (Cp1252 actually) to copy filtered resources, i.e. build is platform dependent!
2019-11-28 17:56:20,213 [Worker-23] INFO  o.e.m.c.i.embedder.EclipseLogger - skip non existing resourceDirectory D:\Sumit Pers\StudyAuto\AutoStudy\src\test\resources
2019-11-28 17:57:00,423 [Worker-0] WARN  o.e.m.c.i.embedder.EclipseLogger - Using platform encoding (Cp1252 actually) to copy filtered resources, i.e. build is platform dependent!
2019-11-28 17:57:00,463 [Worker-0] INFO  o.e.m.c.i.embedder.EclipseLogger - skip non existing resourceDirectory D:\Sumit Pers\StudyAuto\AutoStudy\src\main\resources
2019-11-28 17:57:00,465 [Worker-0] WARN  o.e.m.c.i.embedder.EclipseLogger - Using platform encoding (Cp1252 actually) to copy filtered resources, i.e. build is platform dependent!
2019-11-28 17:57:00,475 [Worker-0] INFO  o.e.m.c.i.embedder.EclipseLogger - skip non existing resourceDirectory D:\Sumit Pers\StudyAuto\AutoStudy\src\test\resources
2019-11-28 17:57:59,493 [Worker-0] WARN  o.e.m.c.i.embedder.EclipseLogger - Using platform encoding (Cp1252 actually) to copy filtered resources, i.e. build is platform dependent!
2019-11-28 17:57:59,526 [Worker-0] INFO  o.e.m.c.i.embedder.EclipseLogger - skip non existing resourceDirectory D:\Sumit Pers\StudyAuto\AutoStudy\src\main\resources
2019-11-28 17:57:59,529 [Worker-0] WARN  o.e.m.c.i.embedder.EclipseLogger - Using platform encoding (Cp1252 actually) to copy filtered resources, i.e. build is platform dependent!
2019-11-28 17:57:59,540 [Worker-0] INFO  o.e.m.c.i.embedder.EclipseLogger - skip non existing resourceDirectory D:\Sumit Pers\StudyAuto\AutoStudy\src\test\resources
2019-11-28 17:58:05,942 [Worker-15] WARN  o.e.m.c.i.embedder.EclipseLogger - Using platform encoding (Cp1252 actually) to copy filtered resources, i.e. build is platform dependent!
2019-11-28 17:58:05,954 [Worker-15] INFO  o.e.m.c.i.embedder.EclipseLogger - skip non existing resourceDirectory D:\Sumit Pers\StudyAuto\AutoStudy\src\main\resources
2019-11-28 17:58:05,958 [Worker-15] WARN  o.e.m.c.i.embedder.EclipseLogger - Using platform encoding (Cp1252 actually) to copy filtered resources, i.e. build is platform dependent!
2019-11-28 17:58:05,974 [Worker-15] INFO  o.e.m.c.i.embedder.EclipseLogger - skip non existing resourceDirectory D:\Sumit Pers\StudyAuto\AutoStudy\src\test\resources
2019-11-28 17:58:13,259 [Worker-19] WARN  o.e.m.c.i.embedder.EclipseLogger - Using platform encoding (Cp1252 actually) to copy filtered resources, i.e. build is platform dependent!
2019-11-28 17:58:13,291 [Worker-19] INFO  o.e.m.c.i.embedder.EclipseLogger - skip non existing resourceDirectory D:\Sumit Pers\StudyAuto\AutoStudy\src\main\resources
2019-11-28 17:58:13,294 [Worker-19] WARN  o.e.m.c.i.embedder.EclipseLogger - Using platform encoding (Cp1252 actually) to copy filtered resources, i.e. build is platform dependent!
2019-11-28 17:58:13,311 [Worker-19] INFO  o.e.m.c.i.embedder.EclipseLogger - skip non existing resourceDirectory D:\Sumit Pers\StudyAuto\AutoStudy\src\test\resources
2019-11-28 17:58:39,353 [Worker-19] WARN  o.e.m.c.i.embedder.EclipseLogger - Using platform encoding (Cp1252 actually) to copy filtered resources, i.e. build is platform dependent!
2019-11-28 17:58:39,367 [Worker-19] INFO  o.e.m.c.i.embedder.EclipseLogger - skip non existing resourceDirectory D:\Sumit Pers\StudyAuto\AutoStudy\src\main\resources
2019-11-28 17:58:39,370 [Worker-19] WARN  o.e.m.c.i.embedder.EclipseLogger - Using platform encoding (Cp1252 actually) to copy filtered resources, i.e. build is platform dependent!
2019-11-28 17:58:39,384 [Worker-19] INFO  o.e.m.c.i.embedder.EclipseLogger - skip non existing resourceDirectory D:\Sumit Pers\StudyAuto\AutoStudy\src\test\resources
2019-11-28 17:58:50,996 [Worker-23] WARN  o.e.m.c.i.embedder.EclipseLogger - Using platform encoding (Cp1252 actually) to copy filtered resources, i.e. build is platform dependent!
2019-11-28 17:58:51,036 [Worker-23] INFO  o.e.m.c.i.embedder.EclipseLogger - skip non existing resourceDirectory D:\Sumit Pers\StudyAuto\AutoStudy\src\main\resources
2019-11-28 17:58:51,038 [Worker-23] WARN  o.e.m.c.i.embedder.EclipseLogger - Using platform encoding (Cp1252 actually) to copy filtered resources, i.e. build is platform dependent!
2019-11-28 17:58:51,052 [Worker-23] INFO  o.e.m.c.i.embedder.EclipseLogger - skip non existing resourceDirectory D:\Sumit Pers\StudyAuto\AutoStudy\src\test\resources
2019-12-05 15:29:05,958 [Worker-2] INFO  c.g.t.t.d.PublishedGradleVersions - Gradle version information cache is out-of-date. Trying to update.
2019-12-05 15:29:12,581 [Worker-2] INFO  c.g.t.t.d.PublishedGradleVersions - Updating Gradle version information cache failed. Using outdated cache.
2019-12-05 15:32:42,383 [Worker-14] WARN  o.e.m.c.i.embedder.EclipseLogger - Using platform encoding (Cp1252 actually) to copy filtered resources, i.e. build is platform dependent!
2019-12-05 15:32:42,420 [Worker-14] INFO  o.e.m.c.i.embedder.EclipseLogger - skip non existing resourceDirectory D:\Sumit Pers\StudyAuto\AutoStudy\src\main\resources
2019-12-05 15:32:42,425 [Worker-14] WARN  o.e.m.c.i.embedder.EclipseLogger - Using platform encoding (Cp1252 actually) to copy filtered resources, i.e. build is platform dependent!
2019-12-05 15:32:42,445 [Worker-14] INFO  o.e.m.c.i.embedder.EclipseLogger - skip non existing resourceDirectory D:\Sumit Pers\StudyAuto\AutoStudy\src\test\resources
2019-12-05 15:32:49,889 [Worker-14] WARN  o.e.r.models.ModelRepository - Failed to download org.eclipse.recommenders:index::zip:0.0.0
org.eclipse.aether.resolution.ArtifactResolutionException: Could not find artifact org.eclipse.recommenders:index:zip:0.0.0-SNAPSHOT in models (http://download.eclipse.org/recommenders/models/oxygen/)
	at org.eclipse.aether.internal.impl.DefaultArtifactResolver.resolve(DefaultArtifactResolver.java:453) ~[na:na]
	at org.eclipse.aether.internal.impl.DefaultArtifactResolver.resolveArtifacts(DefaultArtifactResolver.java:255) ~[na:na]
	at org.eclipse.aether.internal.impl.DefaultArtifactResolver.resolveArtifact(DefaultArtifactResolver.java:232) ~[na:na]
	at org.eclipse.aether.internal.impl.DefaultRepositorySystem.resolveArtifact(DefaultRepositorySystem.java:303) ~[na:na]
	at org.eclipse.recommenders.models.ModelRepository.resolveInternal(ModelRepository.java:193) [org.eclipse.recommenders.models_2.5.2.v20180401-1226.jar:na]
	at org.eclipse.recommenders.models.ModelRepository.resolve(ModelRepository.java:172) [org.eclipse.recommenders.models_2.5.2.v20180401-1226.jar:na]
	at org.eclipse.recommenders.internal.models.rcp.EclipseModelRepository.resolve(EclipseModelRepository.java:168) [org.eclipse.recommenders.models.rcp_2.5.2.v20180401-1226.jar:na]
	at org.eclipse.recommenders.internal.models.rcp.DownloadModelArchiveJob.run(DownloadModelArchiveJob.java:76) [org.eclipse.recommenders.models.rcp_2.5.2.v20180401-1226.jar:na]
	at org.eclipse.core.internal.jobs.Worker.run(Worker.java:56) [org.eclipse.core.jobs_3.9.3.v20180115-1757.jar:na]
Caused by: org.eclipse.aether.transfer.ArtifactNotFoundException: Could not find artifact org.eclipse.recommenders:index:zip:0.0.0-SNAPSHOT in models (http://download.eclipse.org/recommenders/models/oxygen/)
	at org.eclipse.aether.connector.basic.ArtifactTransportListener.transferFailed(ArtifactTransportListener.java:48) ~[org.apache.maven.resolver.connector.basic_1.0.3.v20170405-0725.jar:1.0.3]
	at org.eclipse.aether.connector.basic.BasicRepositoryConnector$TaskRunner.run(BasicRepositoryConnector.java:364) ~[org.apache.maven.resolver.connector.basic_1.0.3.v20170405-0725.jar:1.0.3]
	at org.eclipse.aether.util.concurrency.RunnableErrorForwarder$1.run(RunnableErrorForwarder.java:76) ~[na:na]
	at org.eclipse.aether.connector.basic.BasicRepositoryConnector$DirectExecutor.execute(BasicRepositoryConnector.java:590) ~[org.apache.maven.resolver.connector.basic_1.0.3.v20170405-0725.jar:1.0.3]
	at org.eclipse.aether.connector.basic.BasicRepositoryConnector.get(BasicRepositoryConnector.java:258) ~[org.apache.maven.resolver.connector.basic_1.0.3.v20170405-0725.jar:1.0.3]
	at org.eclipse.aether.internal.impl.DefaultArtifactResolver.performDownloads(DefaultArtifactResolver.java:529) ~[na:na]
	at org.eclipse.aether.internal.impl.DefaultArtifactResolver.resolve(DefaultArtifactResolver.java:430) ~[na:na]
	... 8 common frames omitted
2019-12-05 15:34:39,295 [Worker-8] INFO  o.e.m.c.i.e.AbstractTransferListenerAdapter - Downloaded https://repo.maven.apache.org/maven2/org/apache/maven/plugins/maven-surefire-plugin/2.22.2/maven-surefire-plugin-2.22.2.jar
2019-12-05 15:34:47,512 [Worker-8] INFO  o.e.m.c.i.l.LifecycleMappingFactory - Using org.eclipse.m2e.jdt.JarLifecycleMapping lifecycle mapping for MavenProject: AutoStudy:AutoStudy:0.0.1-SNAPSHOT @ D:\Sumit Pers\StudyAuto\AutoStudy\pom.xml.
2019-12-05 15:34:53,206 [Worker-8] INFO  o.e.m.c.i.e.AbstractTransferListenerAdapter - Downloaded https://repo.maven.apache.org/maven2/org/seleniumhq/selenium/selenium-java/maven-metadata.xml
2019-12-05 15:34:53,248 [Worker-8] WARN  o.e.m.c.i.embedder.EclipseLogger - Could not transfer metadata org.seleniumhq.selenium:selenium-java/maven-metadata.xml from/to central (https://repo.maven.apache.org/maven2): sun.security.validator.ValidatorException: PKIX path building failed: sun.security.provider.certpath.SunCertPathBuilderException: unable to find valid certification path to requested target
2019-12-05 15:35:00,921 [Worker-8] INFO  o.e.m.c.i.e.AbstractTransferListenerAdapter - Downloaded https://repo.maven.apache.org/maven2/org/slf4j/slf4j-log4j12/1.7.26/slf4j-log4j12-1.7.26.pom
2019-12-05 15:35:02,466 [Worker-8] INFO  o.e.m.c.i.embedder.EclipseLogger - Using 'UTF-8' encoding to copy filtered resources.
2019-12-05 15:35:02,466 [Worker-8] INFO  o.e.m.c.i.embedder.EclipseLogger - skip non existing resourceDirectory D:\Sumit Pers\StudyAuto\AutoStudy\src\main\resources
2019-12-05 15:35:02,470 [Worker-8] INFO  o.e.m.c.i.embedder.EclipseLogger - Using 'UTF-8' encoding to copy filtered resources.
2019-12-05 15:35:02,471 [Worker-8] INFO  o.e.m.c.i.embedder.EclipseLogger - skip non existing resourceDirectory D:\Sumit Pers\StudyAuto\AutoStudy\src\test\resources
2019-12-05 15:39:04,382 [Worker-17] INFO  o.e.m.c.i.p.ProjectConfigurationManager - Update started
2019-12-05 15:39:05,586 [Worker-17] INFO  o.e.m.c.i.l.LifecycleMappingFactory - Using org.eclipse.m2e.jdt.JarLifecycleMapping lifecycle mapping for MavenProject: AutoStudy:AutoStudy:0.0.1-SNAPSHOT @ D:\Sumit Pers\StudyAuto\AutoStudy\pom.xml.
2019-12-05 15:39:05,601 [Worker-17] WARN  o.e.m.c.i.embedder.EclipseLogger - Failure to transfer org.seleniumhq.selenium:selenium-java/maven-metadata.xml from https://repo.maven.apache.org/maven2 was cached in the local repository, resolution will not be reattempted until the update interval of central has elapsed or updates are forced. Original error: Could not transfer metadata org.seleniumhq.selenium:selenium-java/maven-metadata.xml from/to central (https://repo.maven.apache.org/maven2): sun.security.validator.ValidatorException: PKIX path building failed: sun.security.provider.certpath.SunCertPathBuilderException: unable to find valid certification path to requested target
2019-12-05 15:39:06,871 [Worker-17] INFO  o.e.m.j.i.AbstractJavaProjectConfigurator - Adding source folder /AutoStudy/src/main/java
2019-12-05 15:39:06,894 [Worker-17] INFO  o.e.m.j.i.AbstractJavaProjectConfigurator - Adding source folder /AutoStudy/src/test/java
2019-12-05 15:39:08,247 [Worker-17] INFO  o.e.m.c.i.p.ProjectConfigurationManager - Update completed: 3 sec
2019-12-05 15:39:08,646 [Worker-16] WARN  o.e.m.c.i.embedder.EclipseLogger - Failure to transfer org.seleniumhq.selenium:selenium-java/maven-metadata.xml from https://repo.maven.apache.org/maven2 was cached in the local repository, resolution will not be reattempted until the update interval of central has elapsed or updates are forced. Original error: Could not transfer metadata org.seleniumhq.selenium:selenium-java/maven-metadata.xml from/to central (https://repo.maven.apache.org/maven2): sun.security.validator.ValidatorException: PKIX path building failed: sun.security.provider.certpath.SunCertPathBuilderException: unable to find valid certification path to requested target
2019-12-05 15:39:09,052 [Worker-16] INFO  o.e.m.c.i.embedder.EclipseLogger - Using 'UTF-8' encoding to copy filtered resources.
2019-12-05 15:39:09,052 [Worker-16] INFO  o.e.m.c.i.embedder.EclipseLogger - skip non existing resourceDirectory D:\Sumit Pers\StudyAuto\AutoStudy\src\main\resources
2019-12-05 15:39:09,057 [Worker-16] INFO  o.e.m.c.i.embedder.EclipseLogger - Using 'UTF-8' encoding to copy filtered resources.
2019-12-05 15:39:09,057 [Worker-16] INFO  o.e.m.c.i.embedder.EclipseLogger - skip non existing resourceDirectory D:\Sumit Pers\StudyAuto\AutoStudy\src\test\resources
2019-12-05 15:39:36,490 [Worker-22] INFO  o.e.m.c.i.embedder.EclipseLogger - Using 'UTF-8' encoding to copy filtered resources.
2019-12-05 15:39:36,490 [Worker-22] INFO  o.e.m.c.i.embedder.EclipseLogger - skip non existing resourceDirectory D:\Sumit Pers\StudyAuto\AutoStudy\src\main\resources
2019-12-05 15:39:36,493 [Worker-22] INFO  o.e.m.c.i.embedder.EclipseLogger - Using 'UTF-8' encoding to copy filtered resources.
2019-12-05 15:39:36,493 [Worker-22] INFO  o.e.m.c.i.embedder.EclipseLogger - skip non existing resourceDirectory D:\Sumit Pers\StudyAuto\AutoStudy\src\test\resources
2019-12-05 15:40:42,419 [Worker-8] INFO  o.e.m.c.i.l.LifecycleMappingFactory - Using org.eclipse.m2e.jdt.JarLifecycleMapping lifecycle mapping for MavenProject: AutoStudy:AutoStudy:0.0.1-SNAPSHOT @ D:\Sumit Pers\StudyAuto\AutoStudy\pom.xml.
2019-12-05 15:40:46,104 [Worker-8] INFO  o.e.m.c.i.embedder.EclipseLogger - Using 'UTF-8' encoding to copy filtered resources.
2019-12-05 15:40:46,105 [Worker-8] INFO  o.e.m.c.i.embedder.EclipseLogger - skip non existing resourceDirectory D:\Sumit Pers\StudyAuto\AutoStudy\src\main\resources
2019-12-05 15:40:46,109 [Worker-8] INFO  o.e.m.c.i.embedder.EclipseLogger - Using 'UTF-8' encoding to copy filtered resources.
2019-12-05 15:40:46,110 [Worker-8] INFO  o.e.m.c.i.embedder.EclipseLogger - skip non existing resourceDirectory D:\Sumit Pers\StudyAuto\AutoStudy\src\test\resources
2019-12-05 15:42:56,398 [Worker-24] INFO  o.e.m.c.i.l.LifecycleMappingFactory - Using org.eclipse.m2e.jdt.JarLifecycleMapping lifecycle mapping for MavenProject: AutoStudy:AutoStudy:0.0.1-SNAPSHOT @ D:\Sumit Pers\StudyAuto\AutoStudy\pom.xml.
2019-12-05 15:42:57,948 [Worker-24] INFO  o.e.m.c.i.embedder.EclipseLogger - Using 'UTF-8' encoding to copy filtered resources.
2019-12-05 15:42:57,948 [Worker-24] INFO  o.e.m.c.i.embedder.EclipseLogger - skip non existing resourceDirectory D:\Sumit Pers\StudyAuto\AutoStudy\src\main\resources
2019-12-05 15:42:57,952 [Worker-24] INFO  o.e.m.c.i.embedder.EclipseLogger - Using 'UTF-8' encoding to copy filtered resources.
2019-12-05 15:42:57,952 [Worker-24] INFO  o.e.m.c.i.embedder.EclipseLogger - skip non existing resourceDirectory D:\Sumit Pers\StudyAuto\AutoStudy\src\test\resources
2019-12-05 15:42:59,754 [Worker-22] INFO  o.e.m.c.i.embedder.EclipseLogger - Using 'UTF-8' encoding to copy filtered resources.
2019-12-05 15:42:59,754 [Worker-22] INFO  o.e.m.c.i.embedder.EclipseLogger - skip non existing resourceDirectory D:\Sumit Pers\StudyAuto\AutoStudy\src\main\resources
2019-12-05 15:42:59,756 [Worker-22] INFO  o.e.m.c.i.embedder.EclipseLogger - Using 'UTF-8' encoding to copy filtered resources.
2019-12-05 15:42:59,757 [Worker-22] INFO  o.e.m.c.i.embedder.EclipseLogger - skip non existing resourceDirectory D:\Sumit Pers\StudyAuto\AutoStudy\src\test\resources
2019-12-05 15:43:06,722 [Worker-27] INFO  o.e.m.c.i.p.ProjectConfigurationManager - Update started
2019-12-05 15:43:07,434 [Worker-27] INFO  o.e.m.c.i.l.LifecycleMappingFactory - Using org.eclipse.m2e.jdt.JarLifecycleMapping lifecycle mapping for MavenProject: AutoStudy:AutoStudy:0.0.1-SNAPSHOT @ D:\Sumit Pers\StudyAuto\AutoStudy\pom.xml.
2019-12-05 15:43:08,218 [Worker-27] INFO  o.e.m.j.i.AbstractJavaProjectConfigurator - Adding source folder /AutoStudy/src/main/java
2019-12-05 15:43:08,220 [Worker-27] INFO  o.e.m.j.i.AbstractJavaProjectConfigurator - Adding source folder /AutoStudy/src/test/java
2019-12-05 15:43:08,666 [Worker-27] INFO  o.e.m.c.i.p.ProjectConfigurationManager - Update completed: 1 sec
2019-12-05 15:43:09,117 [Worker-24] INFO  o.e.m.c.i.embedder.EclipseLogger - Using 'UTF-8' encoding to copy filtered resources.
2019-12-05 15:43:09,118 [Worker-24] INFO  o.e.m.c.i.embedder.EclipseLogger - skip non existing resourceDirectory D:\Sumit Pers\StudyAuto\AutoStudy\src\main\resources
2019-12-05 15:43:09,123 [Worker-24] INFO  o.e.m.c.i.embedder.EclipseLogger - Using 'UTF-8' encoding to copy filtered resources.
2019-12-05 15:43:09,123 [Worker-24] INFO  o.e.m.c.i.embedder.EclipseLogger - skip non existing resourceDirectory D:\Sumit Pers\StudyAuto\AutoStudy\src\test\resources
2019-12-05 15:45:50,204 [Worker-27] INFO  o.e.m.c.i.l.LifecycleMappingFactory - Using org.eclipse.m2e.jdt.JarLifecycleMapping lifecycle mapping for MavenProject: AutoStudy:AutoStudy:0.0.1-SNAPSHOT @ D:\Sumit Pers\StudyAuto\AutoStudy\pom.xml.
2019-12-05 15:45:52,528 [Worker-27] INFO  o.e.m.c.i.e.AbstractTransferListenerAdapter - Downloading https://repo.maven.apache.org/maven2/io/github/bonigarcia/webdrivermanager/3.7.1/webdrivermanager-3.7.1.pom
2019-12-05 15:45:52,793 [Worker-27] INFO  o.e.m.c.i.e.AbstractTransferListenerAdapter - Downloaded https://repo.maven.apache.org/maven2/io/github/bonigarcia/webdrivermanager/3.7.1/webdrivermanager-3.7.1.pom
2019-12-05 15:45:53,053 [Worker-27] INFO  o.e.m.c.i.e.AbstractTransferListenerAdapter - Downloading https://repo.maven.apache.org/maven2/commons-io/commons-io/2.6/commons-io-2.6.pom
2019-12-05 15:45:53,333 [Worker-27] INFO  o.e.m.c.i.e.AbstractTransferListenerAdapter - Downloaded https://repo.maven.apache.org/maven2/commons-io/commons-io/2.6/commons-io-2.6.pom
2019-12-05 15:45:53,602 [Worker-27] INFO  o.e.m.c.i.e.AbstractTransferListenerAdapter - Downloading https://repo.maven.apache.org/maven2/org/apache/commons/commons-parent/42/commons-parent-42.pom
2019-12-05 15:45:54,825 [Worker-27] INFO  o.e.m.c.i.e.AbstractTransferListenerAdapter - Downloaded https://repo.maven.apache.org/maven2/org/apache/commons/commons-parent/42/commons-parent-42.pom
2019-12-05 15:45:55,117 [Worker-27] INFO  o.e.m.c.i.e.AbstractTransferListenerAdapter - Downloading https://repo.maven.apache.org/maven2/com/google/code/gson/gson/2.8.5/gson-2.8.5.pom
2019-12-05 15:45:55,352 [Worker-27] INFO  o.e.m.c.i.e.AbstractTransferListenerAdapter - Downloaded https://repo.maven.apache.org/maven2/com/google/code/gson/gson/2.8.5/gson-2.8.5.pom
2019-12-05 15:45:55,607 [Worker-27] INFO  o.e.m.c.i.e.AbstractTransferListenerAdapter - Downloading https://repo.maven.apache.org/maven2/com/google/code/gson/gson-parent/2.8.5/gson-parent-2.8.5.pom
2019-12-05 15:45:55,860 [Worker-27] INFO  o.e.m.c.i.e.AbstractTransferListenerAdapter - Downloaded https://repo.maven.apache.org/maven2/com/google/code/gson/gson-parent/2.8.5/gson-parent-2.8.5.pom
2019-12-05 15:45:58,213 [Worker-27] INFO  o.e.m.c.i.e.AbstractTransferListenerAdapter - Downloading https://repo.maven.apache.org/maven2/org/apache/commons/commons-lang3/3.8.1/commons-lang3-3.8.1.pom
2019-12-05 15:45:58,654 [Worker-27] INFO  o.e.m.c.i.e.AbstractTransferListenerAdapter - Downloaded https://repo.maven.apache.org/maven2/org/apache/commons/commons-lang3/3.8.1/commons-lang3-3.8.1.pom
2019-12-05 15:45:59,353 [Worker-27] INFO  o.e.m.c.i.e.AbstractTransferListenerAdapter - Downloading https://repo.maven.apache.org/maven2/org/apache/httpcomponents/httpclient/4.5.6/httpclient-4.5.6.pom
2019-12-05 15:45:59,687 [Worker-27] INFO  o.e.m.c.i.e.AbstractTransferListenerAdapter - Downloaded https://repo.maven.apache.org/maven2/org/apache/httpcomponents/httpclient/4.5.6/httpclient-4.5.6.pom
2019-12-05 15:45:59,959 [Worker-27] INFO  o.e.m.c.i.e.AbstractTransferListenerAdapter - Downloading https://repo.maven.apache.org/maven2/org/apache/httpcomponents/httpcomponents-client/4.5.6/httpcomponents-client-4.5.6.pom
2019-12-05 15:46:00,274 [Worker-27] INFO  o.e.m.c.i.e.AbstractTransferListenerAdapter - Downloaded https://repo.maven.apache.org/maven2/org/apache/httpcomponents/httpcomponents-client/4.5.6/httpcomponents-client-4.5.6.pom
2019-12-05 15:46:01,136 [Worker-27] INFO  o.e.m.c.i.e.AbstractTransferListenerAdapter - Downloading https://repo.maven.apache.org/maven2/org/apache/httpcomponents/httpcomponents-parent/10/httpcomponents-parent-10.pom
2019-12-05 15:46:01,698 [Worker-27] INFO  o.e.m.c.i.e.AbstractTransferListenerAdapter - Downloaded https://repo.maven.apache.org/maven2/org/apache/httpcomponents/httpcomponents-parent/10/httpcomponents-parent-10.pom
2019-12-05 15:46:02,030 [Worker-27] INFO  o.e.m.c.i.e.AbstractTransferListenerAdapter - Downloading https://repo.maven.apache.org/maven2/org/apache/httpcomponents/httpcore/4.4.10/httpcore-4.4.10.pom
2019-12-05 15:46:02,519 [Worker-27] INFO  o.e.m.c.i.e.AbstractTransferListenerAdapter - Downloaded https://repo.maven.apache.org/maven2/org/apache/httpcomponents/httpcore/4.4.10/httpcore-4.4.10.pom
2019-12-05 15:46:03,976 [Worker-27] INFO  o.e.m.c.i.e.AbstractTransferListenerAdapter - Downloading https://repo.maven.apache.org/maven2/org/apache/httpcomponents/httpcomponents-core/4.4.10/httpcomponents-core-4.4.10.pom
2019-12-05 15:46:04,690 [Worker-27] INFO  o.e.m.c.i.e.AbstractTransferListenerAdapter - Downloaded https://repo.maven.apache.org/maven2/org/apache/httpcomponents/httpcomponents-core/4.4.10/httpcomponents-core-4.4.10.pom
2019-12-05 15:46:05,017 [Worker-27] INFO  o.e.m.c.i.e.AbstractTransferListenerAdapter - Downloading https://repo.maven.apache.org/maven2/commons-logging/commons-logging/1.2/commons-logging-1.2.pom
2019-12-05 15:46:08,306 [Worker-27] INFO  o.e.m.c.i.e.AbstractTransferListenerAdapter - Downloaded https://repo.maven.apache.org/maven2/commons-logging/commons-logging/1.2/commons-logging-1.2.pom
2019-12-05 15:46:09,149 [Worker-27] INFO  o.e.m.c.i.e.AbstractTransferListenerAdapter - Downloading https://repo.maven.apache.org/maven2/org/apache/commons/commons-parent/34/commons-parent-34.pom
2019-12-05 15:46:11,096 [Worker-27] INFO  o.e.m.c.i.e.AbstractTransferListenerAdapter - Downloaded https://repo.maven.apache.org/maven2/org/apache/commons/commons-parent/34/commons-parent-34.pom
2019-12-05 15:46:13,079 [Worker-27] INFO  o.e.m.c.i.e.AbstractTransferListenerAdapter - Downloading https://repo.maven.apache.org/maven2/commons-codec/commons-codec/1.10/commons-codec-1.10.pom
2019-12-05 15:46:13,456 [Worker-27] INFO  o.e.m.c.i.e.AbstractTransferListenerAdapter - Downloaded https://repo.maven.apache.org/maven2/commons-codec/commons-codec/1.10/commons-codec-1.10.pom
2019-12-05 15:46:13,709 [Worker-27] INFO  o.e.m.c.i.e.AbstractTransferListenerAdapter - Downloading https://repo.maven.apache.org/maven2/org/rauschig/jarchivelib/1.0.0/jarchivelib-1.0.0.pom
2019-12-05 15:46:13,973 [Worker-27] INFO  o.e.m.c.i.e.AbstractTransferListenerAdapter - Downloaded https://repo.maven.apache.org/maven2/org/rauschig/jarchivelib/1.0.0/jarchivelib-1.0.0.pom
2019-12-05 15:46:15,451 [Worker-27] INFO  o.e.m.c.i.e.AbstractTransferListenerAdapter - Downloading https://repo.maven.apache.org/maven2/org/rauschig/oss-parent/1/oss-parent-1.pom
2019-12-05 15:46:16,460 [Worker-27] INFO  o.e.m.c.i.e.AbstractTransferListenerAdapter - Downloaded https://repo.maven.apache.org/maven2/org/rauschig/oss-parent/1/oss-parent-1.pom
2019-12-05 15:46:16,862 [Worker-27] INFO  o.e.m.c.i.e.AbstractTransferListenerAdapter - Downloading https://repo.maven.apache.org/maven2/org/jsoup/jsoup/1.11.3/jsoup-1.11.3.pom
2019-12-05 15:46:17,256 [Worker-27] INFO  o.e.m.c.i.e.AbstractTransferListenerAdapter - Downloaded https://repo.maven.apache.org/maven2/org/jsoup/jsoup/1.11.3/jsoup-1.11.3.pom
2019-12-05 15:46:17,654 [Worker-27] INFO  o.e.m.c.i.e.AbstractTransferListenerAdapter - Downloading https://repo.maven.apache.org/maven2/io/github/bonigarcia/webdrivermanager/3.7.1/webdrivermanager-3.7.1.jar
2019-12-05 15:46:20,829 [Worker-27] INFO  o.e.m.c.i.e.AbstractTransferListenerAdapter - Downloaded https://repo.maven.apache.org/maven2/io/github/bonigarcia/webdrivermanager/3.7.1/webdrivermanager-3.7.1.jar
2019-12-05 15:46:21,274 [Worker-27] INFO  o.e.m.c.i.e.AbstractTransferListenerAdapter - Downloading https://repo.maven.apache.org/maven2/commons-io/commons-io/2.6/commons-io-2.6.jar
2019-12-05 15:46:33,786 [Worker-27] INFO  o.e.m.c.i.e.AbstractTransferListenerAdapter - Downloaded https://repo.maven.apache.org/maven2/commons-io/commons-io/2.6/commons-io-2.6.jar
2019-12-05 15:46:36,322 [Worker-27] INFO  o.e.m.c.i.e.AbstractTransferListenerAdapter - Downloading https://repo.maven.apache.org/maven2/com/google/code/gson/gson/2.8.5/gson-2.8.5.jar
2019-12-05 15:46:57,763 [Worker-27] INFO  o.e.m.c.i.e.AbstractTransferListenerAdapter - Downloaded https://repo.maven.apache.org/maven2/com/google/code/gson/gson/2.8.5/gson-2.8.5.jar
2019-12-05 15:46:58,037 [Worker-27] INFO  o.e.m.c.i.e.AbstractTransferListenerAdapter - Downloading https://repo.maven.apache.org/maven2/org/apache/commons/commons-lang3/3.8.1/commons-lang3-3.8.1.jar
2019-12-05 15:47:08,811 [Worker-27] INFO  o.e.m.c.i.e.AbstractTransferListenerAdapter - Downloaded https://repo.maven.apache.org/maven2/org/apache/commons/commons-lang3/3.8.1/commons-lang3-3.8.1.jar
2019-12-05 15:47:09,086 [Worker-27] INFO  o.e.m.c.i.e.AbstractTransferListenerAdapter - Downloading https://repo.maven.apache.org/maven2/org/apache/httpcomponents/httpclient/4.5.6/httpclient-4.5.6.jar
2019-12-05 15:47:26,414 [Worker-27] INFO  o.e.m.c.i.e.AbstractTransferListenerAdapter - Downloaded https://repo.maven.apache.org/maven2/org/apache/httpcomponents/httpclient/4.5.6/httpclient-4.5.6.jar
2019-12-05 15:47:26,640 [Worker-27] INFO  o.e.m.c.i.e.AbstractTransferListenerAdapter - Downloading https://repo.maven.apache.org/maven2/org/apache/httpcomponents/httpcore/4.4.10/httpcore-4.4.10.jar
2019-12-05 15:47:28,444 [Worker-27] INFO  o.e.m.c.i.e.AbstractTransferListenerAdapter - Downloaded https://repo.maven.apache.org/maven2/org/apache/httpcomponents/httpcore/4.4.10/httpcore-4.4.10.jar
2019-12-05 15:47:28,757 [Worker-27] INFO  o.e.m.c.i.e.AbstractTransferListenerAdapter - Downloading https://repo.maven.apache.org/maven2/commons-logging/commons-logging/1.2/commons-logging-1.2.jar
2019-12-05 15:47:29,160 [Worker-27] INFO  o.e.m.c.i.e.AbstractTransferListenerAdapter - Downloaded https://repo.maven.apache.org/maven2/commons-logging/commons-logging/1.2/commons-logging-1.2.jar
2019-12-05 15:47:29,386 [Worker-27] INFO  o.e.m.c.i.e.AbstractTransferListenerAdapter - Downloading https://repo.maven.apache.org/maven2/org/rauschig/jarchivelib/1.0.0/jarchivelib-1.0.0.jar
2019-12-05 15:47:30,168 [Worker-27] INFO  o.e.m.c.i.e.AbstractTransferListenerAdapter - Downloaded https://repo.maven.apache.org/maven2/org/rauschig/jarchivelib/1.0.0/jarchivelib-1.0.0.jar
2019-12-05 15:47:30,396 [Worker-27] INFO  o.e.m.c.i.e.AbstractTransferListenerAdapter - Downloading https://repo.maven.apache.org/maven2/org/jsoup/jsoup/1.11.3/jsoup-1.11.3.jar
2019-12-05 15:47:32,383 [Worker-27] INFO  o.e.m.c.i.e.AbstractTransferListenerAdapter - Downloaded https://repo.maven.apache.org/maven2/org/jsoup/jsoup/1.11.3/jsoup-1.11.3.jar
2019-12-05 15:47:34,804 [Worker-27] INFO  o.e.m.c.i.embedder.EclipseLogger - Using 'UTF-8' encoding to copy filtered resources.
2019-12-05 15:47:34,805 [Worker-27] INFO  o.e.m.c.i.embedder.EclipseLogger - skip non existing resourceDirectory D:\Sumit Pers\StudyAuto\AutoStudy\src\main\resources
2019-12-05 15:47:34,808 [Worker-27] INFO  o.e.m.c.i.embedder.EclipseLogger - Using 'UTF-8' encoding to copy filtered resources.
2019-12-05 15:47:34,808 [Worker-27] INFO  o.e.m.c.i.embedder.EclipseLogger - skip non existing resourceDirectory D:\Sumit Pers\StudyAuto\AutoStudy\src\test\resources
2019-12-05 15:47:40,010 [Worker-28] INFO  o.e.m.c.i.embedder.EclipseLogger - Using 'UTF-8' encoding to copy filtered resources.
2019-12-05 15:47:40,011 [Worker-28] INFO  o.e.m.c.i.embedder.EclipseLogger - skip non existing resourceDirectory D:\Sumit Pers\StudyAuto\AutoStudy\src\main\resources
2019-12-05 15:47:40,014 [Worker-28] INFO  o.e.m.c.i.embedder.EclipseLogger - Using 'UTF-8' encoding to copy filtered resources.
2019-12-05 15:47:40,014 [Worker-28] INFO  o.e.m.c.i.embedder.EclipseLogger - skip non existing resourceDirectory D:\Sumit Pers\StudyAuto\AutoStudy\src\test\resources
2019-12-05 15:48:11,678 [Worker-24] INFO  o.e.m.c.i.embedder.EclipseLogger - Using 'UTF-8' encoding to copy filtered resources.
2019-12-05 15:48:11,678 [Worker-24] INFO  o.e.m.c.i.embedder.EclipseLogger - skip non existing resourceDirectory D:\Sumit Pers\StudyAuto\AutoStudy\src\main\resources
2019-12-05 15:48:11,680 [Worker-24] INFO  o.e.m.c.i.embedder.EclipseLogger - Using 'UTF-8' encoding to copy filtered resources.
2019-12-05 15:48:11,680 [Worker-24] INFO  o.e.m.c.i.embedder.EclipseLogger - skip non existing resourceDirectory D:\Sumit Pers\StudyAuto\AutoStudy\src\test\resources
2019-12-05 15:48:26,489 [Worker-24] INFO  o.e.m.c.i.embedder.EclipseLogger - Using 'UTF-8' encoding to copy filtered resources.
2019-12-05 15:48:26,490 [Worker-24] INFO  o.e.m.c.i.embedder.EclipseLogger - skip non existing resourceDirectory D:\Sumit Pers\StudyAuto\AutoStudy\src\main\resources
2019-12-05 15:48:26,492 [Worker-24] INFO  o.e.m.c.i.embedder.EclipseLogger - Using 'UTF-8' encoding to copy filtered resources.
2019-12-05 15:48:26,492 [Worker-24] INFO  o.e.m.c.i.embedder.EclipseLogger - skip non existing resourceDirectory D:\Sumit Pers\StudyAuto\AutoStudy\src\test\resources
2019-12-05 15:48:33,902 [Worker-27] INFO  o.e.m.c.i.embedder.EclipseLogger - Using 'UTF-8' encoding to copy filtered resources.
2019-12-05 15:48:33,903 [Worker-27] INFO  o.e.m.c.i.embedder.EclipseLogger - skip non existing resourceDirectory D:\Sumit Pers\StudyAuto\AutoStudy\src\main\resources
2019-12-05 15:48:33,905 [Worker-27] INFO  o.e.m.c.i.embedder.EclipseLogger - Using 'UTF-8' encoding to copy filtered resources.
2019-12-05 15:48:33,905 [Worker-27] INFO  o.e.m.c.i.embedder.EclipseLogger - skip non existing resourceDirectory D:\Sumit Pers\StudyAuto\AutoStudy\src\test\resources
2019-12-05 15:51:46,904 [Worker-27] INFO  o.e.m.c.i.embedder.EclipseLogger - Using 'UTF-8' encoding to copy filtered resources.
2019-12-05 15:51:46,905 [Worker-27] INFO  o.e.m.c.i.embedder.EclipseLogger - skip non existing resourceDirectory D:\Sumit Pers\StudyAuto\AutoStudy\src\main\resources
2019-12-05 15:51:46,907 [Worker-27] INFO  o.e.m.c.i.embedder.EclipseLogger - Using 'UTF-8' encoding to copy filtered resources.
2019-12-05 15:51:46,907 [Worker-27] INFO  o.e.m.c.i.embedder.EclipseLogger - skip non existing resourceDirectory D:\Sumit Pers\StudyAuto\AutoStudy\src\test\resources
2019-12-05 15:55:03,543 [Worker-28] INFO  o.e.m.c.i.embedder.EclipseLogger - Using 'UTF-8' encoding to copy filtered resources.
2019-12-05 15:55:03,544 [Worker-28] INFO  o.e.m.c.i.embedder.EclipseLogger - skip non existing resourceDirectory D:\Sumit Pers\StudyAuto\AutoStudy\src\main\resources
2019-12-05 15:55:03,546 [Worker-28] INFO  o.e.m.c.i.embedder.EclipseLogger - Using 'UTF-8' encoding to copy filtered resources.
2019-12-05 15:55:03,546 [Worker-28] INFO  o.e.m.c.i.embedder.EclipseLogger - skip non existing resourceDirectory D:\Sumit Pers\StudyAuto\AutoStudy\src\test\resources
2019-12-05 15:56:36,069 [Worker-24] INFO  o.e.m.c.i.embedder.EclipseLogger - Using 'UTF-8' encoding to copy filtered resources.
2019-12-05 15:56:36,069 [Worker-24] INFO  o.e.m.c.i.embedder.EclipseLogger - skip non existing resourceDirectory D:\Sumit Pers\StudyAuto\AutoStudy\src\main\resources
2019-12-05 15:56:36,074 [Worker-24] INFO  o.e.m.c.i.embedder.EclipseLogger - Using 'UTF-8' encoding to copy filtered resources.
2019-12-05 15:56:36,074 [Worker-24] INFO  o.e.m.c.i.embedder.EclipseLogger - skip non existing resourceDirectory D:\Sumit Pers\StudyAuto\AutoStudy\src\test\resources
2019-12-05 15:56:38,038 [Worker-26] INFO  o.e.m.c.i.embedder.EclipseLogger - Using 'UTF-8' encoding to copy filtered resources.
2019-12-05 15:56:38,038 [Worker-26] INFO  o.e.m.c.i.embedder.EclipseLogger - skip non existing resourceDirectory D:\Sumit Pers\StudyAuto\AutoStudy\src\main\resources
2019-12-05 15:56:38,040 [Worker-26] INFO  o.e.m.c.i.embedder.EclipseLogger - Using 'UTF-8' encoding to copy filtered resources.
2019-12-05 15:56:38,040 [Worker-26] INFO  o.e.m.c.i.embedder.EclipseLogger - skip non existing resourceDirectory D:\Sumit Pers\StudyAuto\AutoStudy\src\test\resources
2019-12-05 15:56:57,841 [Worker-24] INFO  o.e.m.c.i.embedder.EclipseLogger - Using 'UTF-8' encoding to copy filtered resources.
2019-12-05 15:56:57,841 [Worker-24] INFO  o.e.m.c.i.embedder.EclipseLogger - skip non existing resourceDirectory D:\Sumit Pers\StudyAuto\AutoStudy\src\main\resources
2019-12-05 15:56:57,843 [Worker-24] INFO  o.e.m.c.i.embedder.EclipseLogger - Using 'UTF-8' encoding to copy filtered resources.
2019-12-05 15:56:57,843 [Worker-24] INFO  o.e.m.c.i.embedder.EclipseLogger - skip non existing resourceDirectory D:\Sumit Pers\StudyAuto\AutoStudy\src\test\resources
2019-12-05 16:03:54,468 [Worker-29] INFO  o.e.m.c.i.embedder.EclipseLogger - Using 'UTF-8' encoding to copy filtered resources.
2019-12-05 16:03:54,469 [Worker-29] INFO  o.e.m.c.i.embedder.EclipseLogger - skip non existing resourceDirectory D:\Sumit Pers\StudyAuto\AutoStudy\src\main\resources
2019-12-05 16:03:54,473 [Worker-29] INFO  o.e.m.c.i.embedder.EclipseLogger - Using 'UTF-8' encoding to copy filtered resources.
2019-12-05 16:03:54,473 [Worker-29] INFO  o.e.m.c.i.embedder.EclipseLogger - skip non existing resourceDirectory D:\Sumit Pers\StudyAuto\AutoStudy\src\test\resources
2019-12-05 16:20:41,932 [Worker-30] INFO  o.e.m.c.i.embedder.EclipseLogger - Using 'UTF-8' encoding to copy filtered resources.
2019-12-05 16:20:41,932 [Worker-30] INFO  o.e.m.c.i.embedder.EclipseLogger - skip non existing resourceDirectory D:\Sumit Pers\StudyAuto\AutoStudy\src\main\resources
2019-12-05 16:20:41,934 [Worker-30] INFO  o.e.m.c.i.embedder.EclipseLogger - Using 'UTF-8' encoding to copy filtered resources.
2019-12-05 16:20:41,934 [Worker-30] INFO  o.e.m.c.i.embedder.EclipseLogger - skip non existing resourceDirectory D:\Sumit Pers\StudyAuto\AutoStudy\src\test\resources
2019-12-05 16:20:43,147 [Worker-32] INFO  o.e.m.c.i.embedder.EclipseLogger - Using 'UTF-8' encoding to copy filtered resources.
2019-12-05 16:20:43,147 [Worker-32] INFO  o.e.m.c.i.embedder.EclipseLogger - skip non existing resourceDirectory D:\Sumit Pers\StudyAuto\AutoStudy\src\main\resources
2019-12-05 16:20:43,149 [Worker-32] INFO  o.e.m.c.i.embedder.EclipseLogger - Using 'UTF-8' encoding to copy filtered resources.
2019-12-05 16:20:43,149 [Worker-32] INFO  o.e.m.c.i.embedder.EclipseLogger - skip non existing resourceDirectory D:\Sumit Pers\StudyAuto\AutoStudy\src\test\resources
2019-12-05 16:46:05,729 [Worker-30] INFO  o.e.m.c.i.embedder.EclipseLogger - Using 'UTF-8' encoding to copy filtered resources.
2019-12-05 16:46:05,730 [Worker-30] INFO  o.e.m.c.i.embedder.EclipseLogger - skip non existing resourceDirectory D:\Sumit Pers\StudyAuto\AutoStudy\src\main\resources
2019-12-05 16:46:05,733 [Worker-30] INFO  o.e.m.c.i.embedder.EclipseLogger - Using 'UTF-8' encoding to copy filtered resources.
2019-12-05 16:46:05,733 [Worker-30] INFO  o.e.m.c.i.embedder.EclipseLogger - skip non existing resourceDirectory D:\Sumit Pers\StudyAuto\AutoStudy\src\test\resources
2019-12-05 16:46:30,410 [Worker-40] INFO  o.e.m.i.launch.MavenLaunchDelegate - D:\Sumit Pers\StudyAuto\AutoStudy
2019-12-05 16:46:30,412 [Worker-40] INFO  o.e.m.i.launch.MavenLaunchDelegate -  mvn -B test
2019-12-05 16:47:28,746 [Worker-43] INFO  o.e.m.c.i.embedder.EclipseLogger - Using 'UTF-8' encoding to copy filtered resources.
2019-12-05 16:47:28,746 [Worker-43] INFO  o.e.m.c.i.embedder.EclipseLogger - skip non existing resourceDirectory D:\Sumit Pers\StudyAuto\AutoStudy\src\main\resources
2019-12-05 16:47:28,748 [Worker-43] INFO  o.e.m.c.i.embedder.EclipseLogger - Using 'UTF-8' encoding to copy filtered resources.
2019-12-05 16:47:28,748 [Worker-43] INFO  o.e.m.c.i.embedder.EclipseLogger - skip non existing resourceDirectory D:\Sumit Pers\StudyAuto\AutoStudy\src\test\resources
2019-12-05 16:47:58,222 [Worker-40] INFO  o.e.m.c.i.embedder.EclipseLogger - Using 'UTF-8' encoding to copy filtered resources.
2019-12-05 16:47:58,222 [Worker-40] INFO  o.e.m.c.i.embedder.EclipseLogger - skip non existing resourceDirectory D:\Sumit Pers\StudyAuto\AutoStudy\src\main\resources
2019-12-05 16:47:58,226 [Worker-40] INFO  o.e.m.c.i.embedder.EclipseLogger - Using 'UTF-8' encoding to copy filtered resources.
2019-12-05 16:47:58,226 [Worker-40] INFO  o.e.m.c.i.embedder.EclipseLogger - skip non existing resourceDirectory D:\Sumit Pers\StudyAuto\AutoStudy\src\test\resources
2019-12-05 16:48:50,884 [Worker-40] INFO  o.e.m.c.i.embedder.EclipseLogger - Using 'UTF-8' encoding to copy filtered resources.
2019-12-05 16:48:50,884 [Worker-40] INFO  o.e.m.c.i.embedder.EclipseLogger - skip non existing resourceDirectory D:\Sumit Pers\StudyAuto\AutoStudy\src\main\resources
2019-12-05 16:48:50,886 [Worker-40] INFO  o.e.m.c.i.embedder.EclipseLogger - Using 'UTF-8' encoding to copy filtered resources.
2019-12-05 16:48:50,886 [Worker-40] INFO  o.e.m.c.i.embedder.EclipseLogger - skip non existing resourceDirectory D:\Sumit Pers\StudyAuto\AutoStudy\src\test\resources
2019-12-05 16:49:01,102 [Worker-38] INFO  o.e.m.c.i.embedder.EclipseLogger - Using 'UTF-8' encoding to copy filtered resources.
2019-12-05 16:49:01,102 [Worker-38] INFO  o.e.m.c.i.embedder.EclipseLogger - skip non existing resourceDirectory D:\Sumit Pers\StudyAuto\AutoStudy\src\main\resources
2019-12-05 16:49:01,104 [Worker-38] INFO  o.e.m.c.i.embedder.EclipseLogger - Using 'UTF-8' encoding to copy filtered resources.
2019-12-05 16:49:01,104 [Worker-38] INFO  o.e.m.c.i.embedder.EclipseLogger - skip non existing resourceDirectory D:\Sumit Pers\StudyAuto\AutoStudy\src\test\resources
2019-12-05 16:50:51,091 [Worker-43] INFO  o.e.m.i.launch.MavenLaunchDelegate - D:\Sumit Pers\StudyAuto\AutoStudy
2019-12-05 16:50:51,091 [Worker-43] INFO  o.e.m.i.launch.MavenLaunchDelegate -  mvn -B clean
2019-12-05 16:51:02,461 [Worker-38] INFO  o.e.m.c.i.p.ProjectConfigurationManager - Update started
2019-12-05 16:51:04,262 [Worker-38] INFO  o.e.m.c.i.l.LifecycleMappingFactory - Using org.eclipse.m2e.jdt.JarLifecycleMapping lifecycle mapping for MavenProject: AutoStudy:AutoStudy:0.0.1-SNAPSHOT @ D:\Sumit Pers\StudyAuto\AutoStudy\pom.xml.
2019-12-05 16:51:05,273 [Worker-38] INFO  o.e.m.j.i.AbstractJavaProjectConfigurator - Adding source folder /AutoStudy/src/main/java
2019-12-05 16:51:05,275 [Worker-38] INFO  o.e.m.j.i.AbstractJavaProjectConfigurator - Adding source folder /AutoStudy/src/test/java
2019-12-05 16:51:05,552 [Worker-38] INFO  o.e.m.c.i.p.ProjectConfigurationManager - Update completed: 3 sec
2019-12-05 16:51:06,393 [Worker-38] INFO  o.e.m.c.i.embedder.EclipseLogger - Using 'UTF-8' encoding to copy filtered resources.
2019-12-05 16:51:06,393 [Worker-38] INFO  o.e.m.c.i.embedder.EclipseLogger - skip non existing resourceDirectory D:\Sumit Pers\StudyAuto\AutoStudy\src\main\resources
2019-12-05 16:51:06,397 [Worker-38] INFO  o.e.m.c.i.embedder.EclipseLogger - Using 'UTF-8' encoding to copy filtered resources.
2019-12-05 16:51:06,397 [Worker-38] INFO  o.e.m.c.i.embedder.EclipseLogger - skip non existing resourceDirectory D:\Sumit Pers\StudyAuto\AutoStudy\src\test\resources
2019-12-05 16:52:32,207 [Worker-38] INFO  o.e.m.c.i.embedder.EclipseLogger - Using 'UTF-8' encoding to copy filtered resources.
2019-12-05 16:52:32,208 [Worker-38] INFO  o.e.m.c.i.embedder.EclipseLogger - skip non existing resourceDirectory D:\Sumit Pers\StudyAuto\AutoStudy\src\main\resources
2019-12-05 16:52:32,210 [Worker-38] INFO  o.e.m.c.i.embedder.EclipseLogger - Using 'UTF-8' encoding to copy filtered resources.
2019-12-05 16:52:32,210 [Worker-38] INFO  o.e.m.c.i.embedder.EclipseLogger - skip non existing resourceDirectory D:\Sumit Pers\StudyAuto\AutoStudy\src\test\resources
2019-12-05 16:53:05,039 [Worker-38] INFO  o.e.m.c.i.embedder.EclipseLogger - Using 'UTF-8' encoding to copy filtered resources.
2019-12-05 16:53:05,039 [Worker-38] INFO  o.e.m.c.i.embedder.EclipseLogger - skip non existing resourceDirectory D:\Sumit Pers\StudyAuto\AutoStudy\src\main\resources
2019-12-05 16:53:05,040 [Worker-38] INFO  o.e.m.c.i.embedder.EclipseLogger - Using 'UTF-8' encoding to copy filtered resources.
2019-12-05 16:53:05,040 [Worker-38] INFO  o.e.m.c.i.embedder.EclipseLogger - skip non existing resourceDirectory D:\Sumit Pers\StudyAuto\AutoStudy\src\test\resources
2019-12-05 16:53:12,150 [Worker-38] INFO  o.e.m.c.i.embedder.EclipseLogger - Using 'UTF-8' encoding to copy filtered resources.
2019-12-05 16:53:12,151 [Worker-38] INFO  o.e.m.c.i.embedder.EclipseLogger - skip non existing resourceDirectory D:\Sumit Pers\StudyAuto\AutoStudy\src\main\resources
2019-12-05 16:53:12,154 [Worker-38] INFO  o.e.m.c.i.embedder.EclipseLogger - Using 'UTF-8' encoding to copy filtered resources.
2019-12-05 16:53:12,154 [Worker-38] INFO  o.e.m.c.i.embedder.EclipseLogger - skip non existing resourceDirectory D:\Sumit Pers\StudyAuto\AutoStudy\src\test\resources
2019-12-05 16:53:25,560 [Worker-49] INFO  o.e.m.i.launch.MavenLaunchDelegate - D:\Sumit Pers\StudyAuto\AutoStudy
2019-12-05 16:53:25,560 [Worker-49] INFO  o.e.m.i.launch.MavenLaunchDelegate -  mvn -B test
2019-12-05 16:54:21,145 [Worker-45] INFO  o.e.m.c.i.embedder.EclipseLogger - Using 'UTF-8' encoding to copy filtered resources.
2019-12-05 16:54:21,146 [Worker-45] INFO  o.e.m.c.i.embedder.EclipseLogger - skip non existing resourceDirectory D:\Sumit Pers\StudyAuto\AutoStudy\src\main\resources
2019-12-05 16:54:21,147 [Worker-45] INFO  o.e.m.c.i.embedder.EclipseLogger - Using 'UTF-8' encoding to copy filtered resources.
2019-12-05 16:54:21,147 [Worker-45] INFO  o.e.m.c.i.embedder.EclipseLogger - skip non existing resourceDirectory D:\Sumit Pers\StudyAuto\AutoStudy\src\test\resources
2019-12-05 16:54:25,197 [Worker-48] INFO  o.e.m.c.i.embedder.EclipseLogger - Using 'UTF-8' encoding to copy filtered resources.
2019-12-05 16:54:25,197 [Worker-48] INFO  o.e.m.c.i.embedder.EclipseLogger - skip non existing resourceDirectory D:\Sumit Pers\StudyAuto\AutoStudy\src\main\resources
2019-12-05 16:54:25,200 [Worker-48] INFO  o.e.m.c.i.embedder.EclipseLogger - Using 'UTF-8' encoding to copy filtered resources.
2019-12-05 16:54:25,200 [Worker-48] INFO  o.e.m.c.i.embedder.EclipseLogger - skip non existing resourceDirectory D:\Sumit Pers\StudyAuto\AutoStudy\src\test\resources
2019-12-05 16:54:33,240 [main] INFO  o.e.m2e.actions.ExecutePomAction - Creating new launch configuration
2019-12-05 16:54:39,720 [main] INFO  o.e.m2e.actions.ExecutePomAction - Creating new launch configuration
2019-12-05 16:55:00,268 [Worker-45] INFO  o.e.m.i.launch.MavenLaunchDelegate - D:\Sumit Pers\StudyAuto\AutoStudy
2019-12-05 16:55:00,268 [Worker-45] INFO  o.e.m.i.launch.MavenLaunchDelegate -  mvn -B clean
2019-12-05 16:55:10,005 [Worker-41] INFO  o.e.m.c.i.p.ProjectConfigurationManager - Update started
2019-12-05 16:55:10,652 [Worker-41] INFO  o.e.m.c.i.l.LifecycleMappingFactory - Using org.eclipse.m2e.jdt.JarLifecycleMapping lifecycle mapping for MavenProject: AutoStudy:AutoStudy:0.0.1-SNAPSHOT @ D:\Sumit Pers\StudyAuto\AutoStudy\pom.xml.
2019-12-05 16:55:11,486 [Worker-41] INFO  o.e.m.j.i.AbstractJavaProjectConfigurator - Adding source folder /AutoStudy/src/main/java
2019-12-05 16:55:11,487 [Worker-41] INFO  o.e.m.j.i.AbstractJavaProjectConfigurator - Adding source folder /AutoStudy/src/test/java
2019-12-05 16:55:11,856 [Worker-41] INFO  o.e.m.c.i.p.ProjectConfigurationManager - Update completed: 1 sec
2019-12-05 16:55:12,577 [Worker-45] INFO  o.e.m.c.i.embedder.EclipseLogger - Using 'UTF-8' encoding to copy filtered resources.
2019-12-05 16:55:12,578 [Worker-45] INFO  o.e.m.c.i.embedder.EclipseLogger - skip non existing resourceDirectory D:\Sumit Pers\StudyAuto\AutoStudy\src\main\resources
2019-12-05 16:55:12,582 [Worker-45] INFO  o.e.m.c.i.embedder.EclipseLogger - Using 'UTF-8' encoding to copy filtered resources.
2019-12-05 16:55:12,582 [Worker-45] INFO  o.e.m.c.i.embedder.EclipseLogger - skip non existing resourceDirectory D:\Sumit Pers\StudyAuto\AutoStudy\src\test\resources
2019-12-05 16:55:16,984 [main] INFO  o.e.m2e.actions.ExecutePomAction - Creating new launch configuration
2019-12-05 16:55:38,196 [Worker-48] INFO  o.e.m.i.launch.MavenLaunchDelegate - D:\Sumit Pers\StudyAuto\AutoStudy
2019-12-05 16:55:38,197 [Worker-48] INFO  o.e.m.i.launch.MavenLaunchDelegate -  mvn -B build
2019-12-05 16:56:03,688 [main] INFO  o.e.m2e.actions.ExecutePomAction - Creating new launch configuration
2019-12-05 16:56:10,247 [Worker-51] INFO  o.e.m.i.launch.MavenLaunchDelegate - D:\Sumit Pers\StudyAuto\AutoStudy
2019-12-05 16:56:10,248 [Worker-51] INFO  o.e.m.i.launch.MavenLaunchDelegate -  mvn -B clean install
2019-12-05 16:57:16,794 [Worker-49] INFO  o.e.m.c.i.l.LifecycleMappingFactory - Using org.eclipse.m2e.jdt.JarLifecycleMapping lifecycle mapping for MavenProject: AutoStudy:AutoStudy:0.0.1-SNAPSHOT @ D:\Sumit Pers\StudyAuto\AutoStudy\pom.xml.
2019-12-05 16:57:17,597 [Worker-49] INFO  o.e.m.c.i.embedder.EclipseLogger - Using 'UTF-8' encoding to copy filtered resources.
2019-12-05 16:57:17,597 [Worker-49] INFO  o.e.m.c.i.embedder.EclipseLogger - skip non existing resourceDirectory D:\Sumit Pers\StudyAuto\AutoStudy\src\main\resources
2019-12-05 16:57:17,600 [Worker-49] INFO  o.e.m.c.i.embedder.EclipseLogger - Using 'UTF-8' encoding to copy filtered resources.
2019-12-05 16:57:17,601 [Worker-49] INFO  o.e.m.c.i.embedder.EclipseLogger - skip non existing resourceDirectory D:\Sumit Pers\StudyAuto\AutoStudy\src\test\resources
2019-12-05 16:57:29,463 [Worker-48] INFO  o.e.m.i.launch.MavenLaunchDelegate - D:\Sumit Pers\StudyAuto\AutoStudy
2019-12-05 16:57:29,463 [Worker-48] INFO  o.e.m.i.launch.MavenLaunchDelegate -  mvn -B install
2019-12-05 18:10:39,972 [Worker-66] INFO  o.e.m.c.i.embedder.EclipseLogger - Using 'UTF-8' encoding to copy filtered resources.
2019-12-05 18:10:39,988 [Worker-66] INFO  o.e.m.c.i.embedder.EclipseLogger - skip non existing resourceDirectory D:\Sumit Pers\StudyAuto\AutoStudy\src\main\resources
2019-12-05 18:10:39,988 [Worker-66] INFO  o.e.m.c.i.embedder.EclipseLogger - Using 'UTF-8' encoding to copy filtered resources.
2019-12-05 18:10:39,988 [Worker-66] INFO  o.e.m.c.i.embedder.EclipseLogger - skip non existing resourceDirectory D:\Sumit Pers\StudyAuto\AutoStudy\src\test\resources
2019-12-05 18:12:47,146 [Worker-68] INFO  o.e.m.i.launch.MavenLaunchDelegate - D:\Sumit Pers\StudyAuto\AutoStudy
2019-12-05 18:12:47,149 [Worker-68] INFO  o.e.m.i.launch.MavenLaunchDelegate -  mvn -B test
2019-12-06 11:58:38,518 [Worker-3] INFO  c.g.t.t.d.PublishedGradleVersions - Gradle version information cache is out-of-date. Trying to update.
2019-12-18 11:30:12,022 [Worker-4] INFO  c.g.t.t.d.PublishedGradleVersions - Gradle version information cache is out-of-date. Trying to update.
2019-12-18 11:30:19,281 [Worker-4] INFO  c.g.t.t.d.PublishedGradleVersions - Updating Gradle version information cache failed. Using outdated cache.
2019-12-18 11:36:06,423 [Worker-17] INFO  o.e.m.c.i.embedder.EclipseLogger - Using 'UTF-8' encoding to copy filtered resources.
2019-12-18 11:36:06,424 [Worker-17] INFO  o.e.m.c.i.embedder.EclipseLogger - skip non existing resourceDirectory D:\Sumit Pers\StudyAuto\AutoStudy\src\main\resources
2019-12-18 11:36:06,429 [Worker-17] INFO  o.e.m.c.i.embedder.EclipseLogger - Using 'UTF-8' encoding to copy filtered resources.
2019-12-18 11:36:06,430 [Worker-17] INFO  o.e.m.c.i.embedder.EclipseLogger - skip non existing resourceDirectory D:\Sumit Pers\StudyAuto\AutoStudy\src\test\resources
2019-12-18 11:36:39,663 [Worker-7] INFO  o.e.m.c.i.embedder.EclipseLogger - Using 'UTF-8' encoding to copy filtered resources.
2019-12-18 11:36:39,664 [Worker-7] INFO  o.e.m.c.i.embedder.EclipseLogger - skip non existing resourceDirectory D:\Sumit Pers\StudyAuto\AutoStudy\src\main\resources
2019-12-18 11:36:39,667 [Worker-7] INFO  o.e.m.c.i.embedder.EclipseLogger - Using 'UTF-8' encoding to copy filtered resources.
2019-12-18 11:36:39,667 [Worker-7] INFO  o.e.m.c.i.embedder.EclipseLogger - skip non existing resourceDirectory D:\Sumit Pers\StudyAuto\AutoStudy\src\test\resources
2019-12-18 11:40:15,159 [Worker-6] INFO  o.e.m.c.i.embedder.EclipseLogger - Using 'UTF-8' encoding to copy filtered resources.
2019-12-18 11:40:15,160 [Worker-6] INFO  o.e.m.c.i.embedder.EclipseLogger - skip non existing resourceDirectory D:\Sumit Pers\StudyAuto\AutoStudy\src\main\resources
2019-12-18 11:40:15,163 [Worker-6] INFO  o.e.m.c.i.embedder.EclipseLogger - Using 'UTF-8' encoding to copy filtered resources.
2019-12-18 11:40:15,164 [Worker-6] INFO  o.e.m.c.i.embedder.EclipseLogger - skip non existing resourceDirectory D:\Sumit Pers\StudyAuto\AutoStudy\src\test\resources
2019-12-18 11:44:10,027 [Worker-17] INFO  o.e.m.c.i.embedder.EclipseLogger - Using 'UTF-8' encoding to copy filtered resources.
2019-12-18 11:44:10,028 [Worker-17] INFO  o.e.m.c.i.embedder.EclipseLogger - skip non existing resourceDirectory D:\Sumit Pers\StudyAuto\AutoStudy\src\main\resources
2019-12-18 11:44:10,031 [Worker-17] INFO  o.e.m.c.i.embedder.EclipseLogger - Using 'UTF-8' encoding to copy filtered resources.
2019-12-18 11:44:10,031 [Worker-17] INFO  o.e.m.c.i.embedder.EclipseLogger - skip non existing resourceDirectory D:\Sumit Pers\StudyAuto\AutoStudy\src\test\resources
2019-12-18 11:44:25,250 [Worker-17] WARN  o.e.r.models.ModelRepository - Failed to download org.eclipse.recommenders:index::zip:0.0.0
org.eclipse.aether.resolution.ArtifactResolutionException: Could not find artifact org.eclipse.recommenders:index:zip:0.0.0-SNAPSHOT in models (http://download.eclipse.org/recommenders/models/oxygen/)
	at org.eclipse.aether.internal.impl.DefaultArtifactResolver.resolve(DefaultArtifactResolver.java:453) ~[na:na]
	at org.eclipse.aether.internal.impl.DefaultArtifactResolver.resolveArtifacts(DefaultArtifactResolver.java:255) ~[na:na]
	at org.eclipse.aether.internal.impl.DefaultArtifactResolver.resolveArtifact(DefaultArtifactResolver.java:232) ~[na:na]
	at org.eclipse.aether.internal.impl.DefaultRepositorySystem.resolveArtifact(DefaultRepositorySystem.java:303) ~[na:na]
	at org.eclipse.recommenders.models.ModelRepository.resolveInternal(ModelRepository.java:193) [org.eclipse.recommenders.models_2.5.2.v20180401-1226.jar:na]
	at org.eclipse.recommenders.models.ModelRepository.resolve(ModelRepository.java:172) [org.eclipse.recommenders.models_2.5.2.v20180401-1226.jar:na]
	at org.eclipse.recommenders.internal.models.rcp.EclipseModelRepository.resolve(EclipseModelRepository.java:168) [org.eclipse.recommenders.models.rcp_2.5.2.v20180401-1226.jar:na]
	at org.eclipse.recommenders.internal.models.rcp.DownloadModelArchiveJob.run(DownloadModelArchiveJob.java:76) [org.eclipse.recommenders.models.rcp_2.5.2.v20180401-1226.jar:na]
	at org.eclipse.core.internal.jobs.Worker.run(Worker.java:56) [org.eclipse.core.jobs_3.9.3.v20180115-1757.jar:na]
Caused by: org.eclipse.aether.transfer.ArtifactNotFoundException: Could not find artifact org.eclipse.recommenders:index:zip:0.0.0-SNAPSHOT in models (http://download.eclipse.org/recommenders/models/oxygen/)
	at org.eclipse.aether.connector.basic.ArtifactTransportListener.transferFailed(ArtifactTransportListener.java:48) ~[org.apache.maven.resolver.connector.basic_1.0.3.v20170405-0725.jar:1.0.3]
	at org.eclipse.aether.connector.basic.BasicRepositoryConnector$TaskRunner.run(BasicRepositoryConnector.java:364) ~[org.apache.maven.resolver.connector.basic_1.0.3.v20170405-0725.jar:1.0.3]
	at org.eclipse.aether.util.concurrency.RunnableErrorForwarder$1.run(RunnableErrorForwarder.java:76) ~[na:na]
	at org.eclipse.aether.connector.basic.BasicRepositoryConnector$DirectExecutor.execute(BasicRepositoryConnector.java:590) ~[org.apache.maven.resolver.connector.basic_1.0.3.v20170405-0725.jar:1.0.3]
	at org.eclipse.aether.connector.basic.BasicRepositoryConnector.get(BasicRepositoryConnector.java:258) ~[org.apache.maven.resolver.connector.basic_1.0.3.v20170405-0725.jar:1.0.3]
	at org.eclipse.aether.internal.impl.DefaultArtifactResolver.performDownloads(DefaultArtifactResolver.java:529) ~[na:na]
	at org.eclipse.aether.internal.impl.DefaultArtifactResolver.resolve(DefaultArtifactResolver.java:430) ~[na:na]
	... 8 common frames omitted
2019-12-18 11:52:38,018 [Worker-25] INFO  o.e.m.c.i.embedder.EclipseLogger - Using 'UTF-8' encoding to copy filtered resources.
2019-12-18 11:52:38,018 [Worker-25] INFO  o.e.m.c.i.embedder.EclipseLogger - skip non existing resourceDirectory D:\Sumit Pers\StudyAuto\AutoStudy\src\main\resources
2019-12-18 11:52:38,021 [Worker-25] INFO  o.e.m.c.i.embedder.EclipseLogger - Using 'UTF-8' encoding to copy filtered resources.
2019-12-18 11:52:38,021 [Worker-25] INFO  o.e.m.c.i.embedder.EclipseLogger - skip non existing resourceDirectory D:\Sumit Pers\StudyAuto\AutoStudy\src\test\resources
2019-12-18 11:52:40,153 [Worker-22] INFO  o.e.m.c.i.embedder.EclipseLogger - Using 'UTF-8' encoding to copy filtered resources.
2019-12-18 11:52:40,154 [Worker-22] INFO  o.e.m.c.i.embedder.EclipseLogger - skip non existing resourceDirectory D:\Sumit Pers\StudyAuto\AutoStudy\src\main\resources
2019-12-18 11:52:40,157 [Worker-22] INFO  o.e.m.c.i.embedder.EclipseLogger - Using 'UTF-8' encoding to copy filtered resources.
2019-12-18 11:52:40,157 [Worker-22] INFO  o.e.m.c.i.embedder.EclipseLogger - skip non existing resourceDirectory D:\Sumit Pers\StudyAuto\AutoStudy\src\test\resources
2019-12-18 11:52:48,053 [Worker-25] INFO  o.e.m.c.i.embedder.EclipseLogger - Using 'UTF-8' encoding to copy filtered resources.
2019-12-18 11:52:48,054 [Worker-25] INFO  o.e.m.c.i.embedder.EclipseLogger - skip non existing resourceDirectory D:\Sumit Pers\StudyAuto\AutoStudy\src\main\resources
2019-12-18 11:52:48,057 [Worker-25] INFO  o.e.m.c.i.embedder.EclipseLogger - Using 'UTF-8' encoding to copy filtered resources.
2019-12-18 11:52:48,057 [Worker-25] INFO  o.e.m.c.i.embedder.EclipseLogger - skip non existing resourceDirectory D:\Sumit Pers\StudyAuto\AutoStudy\src\test\resources
2019-12-18 11:53:04,485 [Worker-26] INFO  o.e.m.c.i.embedder.EclipseLogger - Using 'UTF-8' encoding to copy filtered resources.
2019-12-18 11:53:04,485 [Worker-26] INFO  o.e.m.c.i.embedder.EclipseLogger - skip non existing resourceDirectory D:\Sumit Pers\StudyAuto\AutoStudy\src\main\resources
2019-12-18 11:53:04,491 [Worker-26] INFO  o.e.m.c.i.embedder.EclipseLogger - Using 'UTF-8' encoding to copy filtered resources.
2019-12-18 11:53:04,491 [Worker-26] INFO  o.e.m.c.i.embedder.EclipseLogger - skip non existing resourceDirectory D:\Sumit Pers\StudyAuto\AutoStudy\src\test\resources
2019-12-18 11:53:10,683 [Worker-22] INFO  o.e.m.c.i.embedder.EclipseLogger - Using 'UTF-8' encoding to copy filtered resources.
2019-12-18 11:53:10,683 [Worker-22] INFO  o.e.m.c.i.embedder.EclipseLogger - skip non existing resourceDirectory D:\Sumit Pers\StudyAuto\AutoStudy\src\main\resources
2019-12-18 11:53:10,686 [Worker-22] INFO  o.e.m.c.i.embedder.EclipseLogger - Using 'UTF-8' encoding to copy filtered resources.
2019-12-18 11:53:10,686 [Worker-22] INFO  o.e.m.c.i.embedder.EclipseLogger - skip non existing resourceDirectory D:\Sumit Pers\StudyAuto\AutoStudy\src\test\resources
2019-12-18 11:53:32,170 [Worker-21] INFO  o.e.m.c.i.embedder.EclipseLogger - Using 'UTF-8' encoding to copy filtered resources.
2019-12-18 11:53:32,171 [Worker-21] INFO  o.e.m.c.i.embedder.EclipseLogger - skip non existing resourceDirectory D:\Sumit Pers\StudyAuto\AutoStudy\src\main\resources
2019-12-18 11:53:32,174 [Worker-21] INFO  o.e.m.c.i.embedder.EclipseLogger - Using 'UTF-8' encoding to copy filtered resources.
2019-12-18 11:53:32,174 [Worker-21] INFO  o.e.m.c.i.embedder.EclipseLogger - skip non existing resourceDirectory D:\Sumit Pers\StudyAuto\AutoStudy\src\test\resources
2019-12-18 11:53:37,552 [Worker-25] INFO  o.e.m.c.i.embedder.EclipseLogger - Using 'UTF-8' encoding to copy filtered resources.
2019-12-18 11:53:37,552 [Worker-25] INFO  o.e.m.c.i.embedder.EclipseLogger - skip non existing resourceDirectory D:\Sumit Pers\StudyAuto\AutoStudy\src\main\resources
2019-12-18 11:53:37,555 [Worker-25] INFO  o.e.m.c.i.embedder.EclipseLogger - Using 'UTF-8' encoding to copy filtered resources.
2019-12-18 11:53:37,555 [Worker-25] INFO  o.e.m.c.i.embedder.EclipseLogger - skip non existing resourceDirectory D:\Sumit Pers\StudyAuto\AutoStudy\src\test\resources
2019-12-18 11:56:36,649 [Worker-25] INFO  o.e.m.c.i.embedder.EclipseLogger - Using 'UTF-8' encoding to copy filtered resources.
2019-12-18 11:56:36,650 [Worker-25] INFO  o.e.m.c.i.embedder.EclipseLogger - skip non existing resourceDirectory D:\Sumit Pers\StudyAuto\AutoStudy\src\main\resources
2019-12-18 11:56:36,652 [Worker-25] INFO  o.e.m.c.i.embedder.EclipseLogger - Using 'UTF-8' encoding to copy filtered resources.
2019-12-18 11:56:36,653 [Worker-25] INFO  o.e.m.c.i.embedder.EclipseLogger - skip non existing resourceDirectory D:\Sumit Pers\StudyAuto\AutoStudy\src\test\resources
2019-12-18 11:57:10,116 [Worker-27] INFO  o.e.m.c.i.embedder.EclipseLogger - Using 'UTF-8' encoding to copy filtered resources.
2019-12-18 11:57:10,116 [Worker-27] INFO  o.e.m.c.i.embedder.EclipseLogger - skip non existing resourceDirectory D:\Sumit Pers\StudyAuto\AutoStudy\src\main\resources
2019-12-18 11:57:10,119 [Worker-27] INFO  o.e.m.c.i.embedder.EclipseLogger - Using 'UTF-8' encoding to copy filtered resources.
2019-12-18 11:57:10,119 [Worker-27] INFO  o.e.m.c.i.embedder.EclipseLogger - skip non existing resourceDirectory D:\Sumit Pers\StudyAuto\AutoStudy\src\test\resources
2019-12-18 11:58:09,939 [Worker-26] INFO  o.e.m.c.i.embedder.EclipseLogger - Using 'UTF-8' encoding to copy filtered resources.
2019-12-18 11:58:09,939 [Worker-26] INFO  o.e.m.c.i.embedder.EclipseLogger - skip non existing resourceDirectory D:\Sumit Pers\StudyAuto\AutoStudy\src\main\resources
2019-12-18 11:58:09,942 [Worker-26] INFO  o.e.m.c.i.embedder.EclipseLogger - Using 'UTF-8' encoding to copy filtered resources.
2019-12-18 11:58:09,943 [Worker-26] INFO  o.e.m.c.i.embedder.EclipseLogger - skip non existing resourceDirectory D:\Sumit Pers\StudyAuto\AutoStudy\src\test\resources
2019-12-18 11:59:08,423 [Worker-26] INFO  o.e.m.c.i.embedder.EclipseLogger - Using 'UTF-8' encoding to copy filtered resources.
2019-12-18 11:59:08,423 [Worker-26] INFO  o.e.m.c.i.embedder.EclipseLogger - skip non existing resourceDirectory D:\Sumit Pers\StudyAuto\AutoStudy\src\main\resources
2019-12-18 11:59:08,426 [Worker-26] INFO  o.e.m.c.i.embedder.EclipseLogger - Using 'UTF-8' encoding to copy filtered resources.
2019-12-18 11:59:08,427 [Worker-26] INFO  o.e.m.c.i.embedder.EclipseLogger - skip non existing resourceDirectory D:\Sumit Pers\StudyAuto\AutoStudy\src\test\resources
2019-12-18 12:37:00,116 [Worker-37] INFO  o.e.m.c.i.l.LifecycleMappingFactory - Using org.eclipse.m2e.jdt.JarLifecycleMapping lifecycle mapping for MavenProject: AutoStudy:AutoStudy:0.0.1-SNAPSHOT @ D:\Sumit Pers\StudyAuto\AutoStudy\pom.xml.
2019-12-18 12:37:19,037 [Worker-37] INFO  o.e.m.c.i.embedder.EclipseLogger - Using 'UTF-8' encoding to copy filtered resources.
2019-12-18 12:37:19,042 [Worker-37] INFO  o.e.m.c.i.embedder.EclipseLogger - skip non existing resourceDirectory D:\Sumit Pers\StudyAuto\AutoStudy\src\main\resources
2019-12-18 12:37:19,054 [Worker-37] INFO  o.e.m.c.i.embedder.EclipseLogger - Using 'UTF-8' encoding to copy filtered resources.
2019-12-18 12:37:19,055 [Worker-37] INFO  o.e.m.c.i.embedder.EclipseLogger - skip non existing resourceDirectory D:\Sumit Pers\StudyAuto\AutoStudy\src\test\resources
2019-12-18 12:37:21,954 [Worker-28] INFO  o.e.m.c.i.l.LifecycleMappingFactory - Using org.eclipse.m2e.jdt.JarLifecycleMapping lifecycle mapping for MavenProject: AutoStudy:AutoStudy:0.0.1-SNAPSHOT @ D:\Sumit Pers\StudyAuto\AutoStudy\pom.xml.
2019-12-18 12:37:23,495 [Worker-28] INFO  o.e.m.c.i.embedder.EclipseLogger - Using 'UTF-8' encoding to copy filtered resources.
2019-12-18 12:37:23,495 [Worker-28] INFO  o.e.m.c.i.embedder.EclipseLogger - skip non existing resourceDirectory D:\Sumit Pers\StudyAuto\AutoStudy\src\main\resources
2019-12-18 12:37:23,499 [Worker-28] INFO  o.e.m.c.i.embedder.EclipseLogger - Using 'UTF-8' encoding to copy filtered resources.
2019-12-18 12:37:23,499 [Worker-28] INFO  o.e.m.c.i.embedder.EclipseLogger - skip non existing resourceDirectory D:\Sumit Pers\StudyAuto\AutoStudy\src\test\resources
2019-12-18 12:40:21,107 [Worker-28] INFO  o.e.m.c.i.embedder.EclipseLogger - Using 'UTF-8' encoding to copy filtered resources.
2019-12-18 12:40:21,107 [Worker-28] INFO  o.e.m.c.i.embedder.EclipseLogger - skip non existing resourceDirectory D:\Sumit Pers\StudyAuto\AutoStudy\src\main\resources
2019-12-18 12:40:21,110 [Worker-28] INFO  o.e.m.c.i.embedder.EclipseLogger - Using 'UTF-8' encoding to copy filtered resources.
2019-12-18 12:40:21,111 [Worker-28] INFO  o.e.m.c.i.embedder.EclipseLogger - skip non existing resourceDirectory D:\Sumit Pers\StudyAuto\AutoStudy\src\test\resources
2019-12-18 12:40:43,627 [Worker-39] INFO  o.e.m.c.i.embedder.EclipseLogger - Using 'UTF-8' encoding to copy filtered resources.
2019-12-18 12:40:43,627 [Worker-39] INFO  o.e.m.c.i.embedder.EclipseLogger - skip non existing resourceDirectory D:\Sumit Pers\StudyAuto\AutoStudy\src\main\resources
2019-12-18 12:40:43,630 [Worker-39] INFO  o.e.m.c.i.embedder.EclipseLogger - Using 'UTF-8' encoding to copy filtered resources.
2019-12-18 12:40:43,630 [Worker-39] INFO  o.e.m.c.i.embedder.EclipseLogger - skip non existing resourceDirectory D:\Sumit Pers\StudyAuto\AutoStudy\src\test\resources
2019-12-18 12:43:33,702 [Worker-39] INFO  o.e.m.c.i.embedder.EclipseLogger - Using 'UTF-8' encoding to copy filtered resources.
2019-12-18 12:43:33,703 [Worker-39] INFO  o.e.m.c.i.embedder.EclipseLogger - skip non existing resourceDirectory D:\Sumit Pers\StudyAuto\AutoStudy\src\main\resources
2019-12-18 12:43:33,705 [Worker-39] INFO  o.e.m.c.i.embedder.EclipseLogger - Using 'UTF-8' encoding to copy filtered resources.
2019-12-18 12:43:33,705 [Worker-39] INFO  o.e.m.c.i.embedder.EclipseLogger - skip non existing resourceDirectory D:\Sumit Pers\StudyAuto\AutoStudy\src\test\resources
2019-12-18 12:46:27,257 [Worker-28] INFO  o.e.m.c.i.embedder.EclipseLogger - Using 'UTF-8' encoding to copy filtered resources.
2019-12-18 12:46:27,257 [Worker-28] INFO  o.e.m.c.i.embedder.EclipseLogger - skip non existing resourceDirectory D:\Sumit Pers\StudyAuto\AutoStudy\src\main\resources
2019-12-18 12:46:27,260 [Worker-28] INFO  o.e.m.c.i.embedder.EclipseLogger - Using 'UTF-8' encoding to copy filtered resources.
2019-12-18 12:46:27,260 [Worker-28] INFO  o.e.m.c.i.embedder.EclipseLogger - skip non existing resourceDirectory D:\Sumit Pers\StudyAuto\AutoStudy\src\test\resources
2019-12-18 13:09:21,192 [Worker-48] INFO  o.e.m.c.i.embedder.EclipseLogger - Using 'UTF-8' encoding to copy filtered resources.
2019-12-18 13:09:21,193 [Worker-48] INFO  o.e.m.c.i.embedder.EclipseLogger - skip non existing resourceDirectory D:\Sumit Pers\StudyAuto\AutoStudy\src\main\resources
2019-12-18 13:09:21,195 [Worker-48] INFO  o.e.m.c.i.embedder.EclipseLogger - Using 'UTF-8' encoding to copy filtered resources.
2019-12-18 13:09:21,196 [Worker-48] INFO  o.e.m.c.i.embedder.EclipseLogger - skip non existing resourceDirectory D:\Sumit Pers\StudyAuto\AutoStudy\src\test\resources
2019-12-18 13:09:29,015 [Worker-45] INFO  o.e.m.c.i.embedder.EclipseLogger - Using 'UTF-8' encoding to copy filtered resources.
2019-12-18 13:09:29,016 [Worker-45] INFO  o.e.m.c.i.embedder.EclipseLogger - skip non existing resourceDirectory D:\Sumit Pers\StudyAuto\AutoStudy\src\main\resources
2019-12-18 13:09:29,019 [Worker-45] INFO  o.e.m.c.i.embedder.EclipseLogger - Using 'UTF-8' encoding to copy filtered resources.
2019-12-18 13:09:29,020 [Worker-45] INFO  o.e.m.c.i.embedder.EclipseLogger - skip non existing resourceDirectory D:\Sumit Pers\StudyAuto\AutoStudy\src\test\resources
2019-12-18 13:09:54,173 [Worker-48] INFO  o.e.m.c.i.embedder.EclipseLogger - Using 'UTF-8' encoding to copy filtered resources.
2019-12-18 13:09:54,174 [Worker-48] INFO  o.e.m.c.i.embedder.EclipseLogger - skip non existing resourceDirectory D:\Sumit Pers\StudyAuto\AutoStudy\src\main\resources
2019-12-18 13:09:54,179 [Worker-48] INFO  o.e.m.c.i.embedder.EclipseLogger - Using 'UTF-8' encoding to copy filtered resources.
2019-12-18 13:09:54,179 [Worker-48] INFO  o.e.m.c.i.embedder.EclipseLogger - skip non existing resourceDirectory D:\Sumit Pers\StudyAuto\AutoStudy\src\test\resources
2019-12-18 13:13:15,028 [Worker-49] INFO  o.e.m.c.i.embedder.EclipseLogger - Using 'UTF-8' encoding to copy filtered resources.
2019-12-18 13:13:15,028 [Worker-49] INFO  o.e.m.c.i.embedder.EclipseLogger - skip non existing resourceDirectory D:\Sumit Pers\StudyAuto\AutoStudy\src\main\resources
2019-12-18 13:13:15,030 [Worker-49] INFO  o.e.m.c.i.embedder.EclipseLogger - Using 'UTF-8' encoding to copy filtered resources.
2019-12-18 13:13:15,031 [Worker-49] INFO  o.e.m.c.i.embedder.EclipseLogger - skip non existing resourceDirectory D:\Sumit Pers\StudyAuto\AutoStudy\src\test\resources
2019-12-18 13:13:34,936 [Worker-39] INFO  o.e.m.c.i.embedder.EclipseLogger - Using 'UTF-8' encoding to copy filtered resources.
2019-12-18 13:13:34,937 [Worker-39] INFO  o.e.m.c.i.embedder.EclipseLogger - skip non existing resourceDirectory D:\Sumit Pers\StudyAuto\AutoStudy\src\main\resources
2019-12-18 13:13:34,939 [Worker-39] INFO  o.e.m.c.i.embedder.EclipseLogger - Using 'UTF-8' encoding to copy filtered resources.
2019-12-18 13:13:34,940 [Worker-39] INFO  o.e.m.c.i.embedder.EclipseLogger - skip non existing resourceDirectory D:\Sumit Pers\StudyAuto\AutoStudy\src\test\resources
2019-12-18 13:18:54,614 [Worker-48] INFO  o.e.m.c.i.l.LifecycleMappingFactory - Using org.eclipse.m2e.jdt.JarLifecycleMapping lifecycle mapping for MavenProject: AutoStudy:AutoStudy:0.0.1-SNAPSHOT @ D:\Sumit Pers\StudyAuto\AutoStudy\pom.xml.
2019-12-18 13:19:03,148 [Worker-48] INFO  o.e.m.c.i.embedder.EclipseLogger - Using 'UTF-8' encoding to copy filtered resources.
2019-12-18 13:19:03,148 [Worker-48] INFO  o.e.m.c.i.embedder.EclipseLogger - skip non existing resourceDirectory D:\Sumit Pers\StudyAuto\AutoStudy\src\main\resources
2019-12-18 13:19:03,148 [Worker-48] INFO  o.e.m.c.i.embedder.EclipseLogger - Using 'UTF-8' encoding to copy filtered resources.
2019-12-18 13:19:03,148 [Worker-48] INFO  o.e.m.c.i.embedder.EclipseLogger - skip non existing resourceDirectory D:\Sumit Pers\StudyAuto\AutoStudy\src\test\resources
2019-12-18 13:19:06,397 [Worker-52] INFO  o.e.m.i.launch.MavenLaunchDelegate - D:\Sumit Pers\StudyAuto\AutoStudy
2019-12-18 13:19:06,397 [Worker-52] INFO  o.e.m.i.launch.MavenLaunchDelegate -  mvn -B test
2019-12-18 13:19:36,239 [Worker-55] INFO  o.e.m.c.i.embedder.EclipseLogger - Using 'UTF-8' encoding to copy filtered resources.
2019-12-18 13:19:36,239 [Worker-55] INFO  o.e.m.c.i.embedder.EclipseLogger - skip non existing resourceDirectory D:\Sumit Pers\StudyAuto\AutoStudy\src\main\resources
2019-12-18 13:19:36,239 [Worker-55] INFO  o.e.m.c.i.embedder.EclipseLogger - Using 'UTF-8' encoding to copy filtered resources.
2019-12-18 13:19:36,239 [Worker-55] INFO  o.e.m.c.i.embedder.EclipseLogger - skip non existing resourceDirectory D:\Sumit Pers\StudyAuto\AutoStudy\src\test\resources
2019-12-18 13:19:41,761 [Worker-54] INFO  o.e.m.c.i.p.ProjectConfigurationManager - Update started
2019-12-18 13:19:42,478 [Worker-54] INFO  o.e.m.c.i.l.LifecycleMappingFactory - Using org.eclipse.m2e.jdt.JarLifecycleMapping lifecycle mapping for MavenProject: AutoStudy:AutoStudy:0.0.1-SNAPSHOT @ D:\Sumit Pers\StudyAuto\AutoStudy\pom.xml.
2019-12-18 13:19:43,217 [Worker-54] INFO  o.e.m.j.i.AbstractJavaProjectConfigurator - Adding source folder /AutoStudy/src/main/java
2019-12-18 13:19:43,219 [Worker-54] INFO  o.e.m.j.i.AbstractJavaProjectConfigurator - Adding source folder /AutoStudy/src/test/java
2019-12-18 13:19:43,796 [Worker-54] INFO  o.e.m.c.i.p.ProjectConfigurationManager - Update completed: 2 sec
2019-12-18 13:19:44,993 [Worker-56] INFO  o.e.m.c.i.embedder.EclipseLogger - Using 'UTF-8' encoding to copy filtered resources.
2019-12-18 13:19:44,994 [Worker-56] INFO  o.e.m.c.i.embedder.EclipseLogger - skip non existing resourceDirectory D:\Sumit Pers\StudyAuto\AutoStudy\src\main\resources
2019-12-18 13:19:44,998 [Worker-56] INFO  o.e.m.c.i.embedder.EclipseLogger - Using 'UTF-8' encoding to copy filtered resources.
2019-12-18 13:19:44,998 [Worker-56] INFO  o.e.m.c.i.embedder.EclipseLogger - skip non existing resourceDirectory D:\Sumit Pers\StudyAuto\AutoStudy\src\test\resources
2019-12-18 13:21:49,389 [Worker-57] INFO  o.e.m.i.launch.MavenLaunchDelegate - D:\Sumit Pers\StudyAuto\AutoStudy
2019-12-18 13:21:49,389 [Worker-57] INFO  o.e.m.i.launch.MavenLaunchDelegate -  mvn -B clean
2019-12-18 13:21:58,406 [main] INFO  o.e.m2e.actions.ExecutePomAction - Creating new launch configuration
2019-12-18 13:22:07,012 [Worker-60] INFO  o.e.m.i.launch.MavenLaunchDelegate - D:\Sumit Pers\StudyAuto\AutoStudy
2019-12-18 13:22:07,012 [Worker-60] INFO  o.e.m.i.launch.MavenLaunchDelegate -  mvn -B clean test
2019-12-18 13:26:21,183 [Worker-58] INFO  o.e.m.c.i.embedder.EclipseLogger - Using 'UTF-8' encoding to copy filtered resources.
2019-12-18 13:26:21,183 [Worker-58] INFO  o.e.m.c.i.embedder.EclipseLogger - skip non existing resourceDirectory D:\Sumit Pers\StudyAuto\AutoStudy\src\main\resources
2019-12-18 13:26:21,187 [Worker-58] INFO  o.e.m.c.i.embedder.EclipseLogger - Using 'UTF-8' encoding to copy filtered resources.
2019-12-18 13:26:21,188 [Worker-58] INFO  o.e.m.c.i.embedder.EclipseLogger - skip non existing resourceDirectory D:\Sumit Pers\StudyAuto\AutoStudy\src\test\resources
2019-12-18 15:05:40,688 [Worker-70] INFO  o.e.m.c.i.embedder.EclipseLogger - Using 'UTF-8' encoding to copy filtered resources.
2019-12-18 15:05:40,804 [Worker-70] INFO  o.e.m.c.i.embedder.EclipseLogger - skip non existing resourceDirectory D:\Sumit Pers\StudyAuto\AutoStudy\src\main\resources
2019-12-18 15:05:40,804 [Worker-70] INFO  o.e.m.c.i.embedder.EclipseLogger - Using 'UTF-8' encoding to copy filtered resources.
2019-12-18 15:05:40,804 [Worker-70] INFO  o.e.m.c.i.embedder.EclipseLogger - skip non existing resourceDirectory D:\Sumit Pers\StudyAuto\AutoStudy\src\test\resources
2019-12-18 17:30:51,167 [Worker-94] INFO  o.e.m.c.i.embedder.EclipseLogger - Using 'UTF-8' encoding to copy filtered resources.
2019-12-18 17:30:51,531 [Worker-94] INFO  o.e.m.c.i.embedder.EclipseLogger - skip non existing resourceDirectory D:\Sumit Pers\StudyAuto\AutoStudy\src\main\resources
2019-12-18 17:30:51,571 [Worker-94] INFO  o.e.m.c.i.embedder.EclipseLogger - Using 'UTF-8' encoding to copy filtered resources.
2019-12-18 17:30:51,571 [Worker-94] INFO  o.e.m.c.i.embedder.EclipseLogger - skip non existing resourceDirectory D:\Sumit Pers\StudyAuto\AutoStudy\src\test\resources
2019-12-20 11:48:15,499 [Worker-1] INFO  c.g.t.t.d.PublishedGradleVersions - Gradle version information cache is out-of-date. Trying to update.
2020-01-20 17:49:43,194 [Worker-4] INFO  c.g.t.t.d.PublishedGradleVersions - Gradle version information cache is up-to-date. Trying to read.
2020-01-20 17:50:12,687 [Worker-1] INFO  o.e.m.c.i.embedder.EclipseLogger - Using 'UTF-8' encoding to copy filtered resources.
2020-01-20 17:50:12,688 [Worker-1] INFO  o.e.m.c.i.embedder.EclipseLogger - skip non existing resourceDirectory D:\zBOA\Auto_Workspaces_BOA\StudyAuto\AutoStudy\src\main\resources
2020-01-20 17:50:12,694 [Worker-1] INFO  o.e.m.c.i.embedder.EclipseLogger - Using 'UTF-8' encoding to copy filtered resources.
2020-01-20 17:50:12,694 [Worker-1] INFO  o.e.m.c.i.embedder.EclipseLogger - skip non existing resourceDirectory D:\zBOA\Auto_Workspaces_BOA\StudyAuto\AutoStudy\src\test\resources
2020-01-20 17:50:44,739 [Worker-14] INFO  o.e.m.c.i.l.LifecycleMappingFactory - Using org.eclipse.m2e.jdt.JarLifecycleMapping lifecycle mapping for MavenProject: AutoStudy:AutoStudy:0.0.1-SNAPSHOT @ D:\zBOA\Auto_Workspaces_BOA\StudyAuto\AutoStudy\pom.xml.
2020-01-20 17:51:16,937 [Worker-14] INFO  o.e.m.c.i.embedder.EclipseLogger - Using 'UTF-8' encoding to copy filtered resources.
2020-01-20 17:51:16,938 [Worker-14] INFO  o.e.m.c.i.embedder.EclipseLogger - skip non existing resourceDirectory D:\zBOA\Auto_Workspaces_BOA\StudyAuto\AutoStudy\src\main\resources
2020-01-20 17:51:16,944 [Worker-14] INFO  o.e.m.c.i.embedder.EclipseLogger - Using 'UTF-8' encoding to copy filtered resources.
2020-01-20 17:51:16,945 [Worker-14] INFO  o.e.m.c.i.embedder.EclipseLogger - skip non existing resourceDirectory D:\zBOA\Auto_Workspaces_BOA\StudyAuto\AutoStudy\src\test\resources
2020-01-20 17:51:23,535 [Worker-5] INFO  o.e.m.c.i.l.LifecycleMappingFactory - Using org.eclipse.m2e.jdt.JarLifecycleMapping lifecycle mapping for MavenProject: AutoStudy:AutoStudy:0.0.1-SNAPSHOT @ D:\zBOA\Auto_Workspaces_BOA\StudyAuto\AutoStudy\pom.xml.
2020-01-20 17:51:26,428 [Worker-5] INFO  o.e.m.c.i.embedder.EclipseLogger - Using 'UTF-8' encoding to copy filtered resources.
2020-01-20 17:51:26,428 [Worker-5] INFO  o.e.m.c.i.embedder.EclipseLogger - skip non existing resourceDirectory D:\zBOA\Auto_Workspaces_BOA\StudyAuto\AutoStudy\src\main\resources
2020-01-20 17:51:26,431 [Worker-5] INFO  o.e.m.c.i.embedder.EclipseLogger - Using 'UTF-8' encoding to copy filtered resources.
2020-01-20 17:51:26,432 [Worker-5] INFO  o.e.m.c.i.embedder.EclipseLogger - skip non existing resourceDirectory D:\zBOA\Auto_Workspaces_BOA\StudyAuto\AutoStudy\src\test\resources
2020-01-20 17:53:41,056 [Worker-18] INFO  o.e.m.c.i.embedder.EclipseLogger - Using 'UTF-8' encoding to copy filtered resources.
2020-01-20 17:53:41,058 [Worker-18] INFO  o.e.m.c.i.embedder.EclipseLogger - skip non existing resourceDirectory D:\zBOA\Auto_Workspaces_BOA\StudyAuto\AutoStudy\src\main\resources
2020-01-20 17:53:41,060 [Worker-18] INFO  o.e.m.c.i.embedder.EclipseLogger - Using 'UTF-8' encoding to copy filtered resources.
2020-01-20 17:53:41,061 [Worker-18] INFO  o.e.m.c.i.embedder.EclipseLogger - skip non existing resourceDirectory D:\zBOA\Auto_Workspaces_BOA\StudyAuto\AutoStudy\src\test\resources
2020-01-20 17:54:00,621 [Worker-8] WARN  o.e.r.models.ModelRepository - Failed to download org.eclipse.recommenders:index::zip:0.0.0
org.eclipse.aether.resolution.ArtifactResolutionException: Could not find artifact org.eclipse.recommenders:index:zip:0.0.0-SNAPSHOT in models (http://download.eclipse.org/recommenders/models/oxygen/)
	at org.eclipse.aether.internal.impl.DefaultArtifactResolver.resolve(DefaultArtifactResolver.java:453) ~[na:na]
	at org.eclipse.aether.internal.impl.DefaultArtifactResolver.resolveArtifacts(DefaultArtifactResolver.java:255) ~[na:na]
	at org.eclipse.aether.internal.impl.DefaultArtifactResolver.resolveArtifact(DefaultArtifactResolver.java:232) ~[na:na]
	at org.eclipse.aether.internal.impl.DefaultRepositorySystem.resolveArtifact(DefaultRepositorySystem.java:303) ~[na:na]
	at org.eclipse.recommenders.models.ModelRepository.resolveInternal(ModelRepository.java:193) [org.eclipse.recommenders.models_2.5.2.v20180401-1226.jar:na]
	at org.eclipse.recommenders.models.ModelRepository.resolve(ModelRepository.java:172) [org.eclipse.recommenders.models_2.5.2.v20180401-1226.jar:na]
	at org.eclipse.recommenders.internal.models.rcp.EclipseModelRepository.resolve(EclipseModelRepository.java:168) [org.eclipse.recommenders.models.rcp_2.5.2.v20180401-1226.jar:na]
	at org.eclipse.recommenders.internal.models.rcp.DownloadModelArchiveJob.run(DownloadModelArchiveJob.java:76) [org.eclipse.recommenders.models.rcp_2.5.2.v20180401-1226.jar:na]
	at org.eclipse.core.internal.jobs.Worker.run(Worker.java:56) [org.eclipse.core.jobs_3.9.3.v20180115-1757.jar:na]
Caused by: org.eclipse.aether.transfer.ArtifactNotFoundException: Could not find artifact org.eclipse.recommenders:index:zip:0.0.0-SNAPSHOT in models (http://download.eclipse.org/recommenders/models/oxygen/)
	at org.eclipse.aether.connector.basic.ArtifactTransportListener.transferFailed(ArtifactTransportListener.java:48) ~[org.apache.maven.resolver.connector.basic_1.0.3.v20170405-0725.jar:1.0.3]
	at org.eclipse.aether.connector.basic.BasicRepositoryConnector$TaskRunner.run(BasicRepositoryConnector.java:364) ~[org.apache.maven.resolver.connector.basic_1.0.3.v20170405-0725.jar:1.0.3]
	at org.eclipse.aether.util.concurrency.RunnableErrorForwarder$1.run(RunnableErrorForwarder.java:76) ~[na:na]
	at org.eclipse.aether.connector.basic.BasicRepositoryConnector$DirectExecutor.execute(BasicRepositoryConnector.java:590) ~[org.apache.maven.resolver.connector.basic_1.0.3.v20170405-0725.jar:1.0.3]
	at org.eclipse.aether.connector.basic.BasicRepositoryConnector.get(BasicRepositoryConnector.java:258) ~[org.apache.maven.resolver.connector.basic_1.0.3.v20170405-0725.jar:1.0.3]
	at org.eclipse.aether.internal.impl.DefaultArtifactResolver.performDownloads(DefaultArtifactResolver.java:529) ~[na:na]
	at org.eclipse.aether.internal.impl.DefaultArtifactResolver.resolve(DefaultArtifactResolver.java:430) ~[na:na]
	... 8 common frames omitted
2020-01-20 17:56:06,511 [Worker-0] INFO  o.e.m.c.i.embedder.EclipseLogger - Using 'UTF-8' encoding to copy filtered resources.
2020-01-20 17:56:06,512 [Worker-0] INFO  o.e.m.c.i.embedder.EclipseLogger - skip non existing resourceDirectory D:\zBOA\Auto_Workspaces_BOA\StudyAuto\AutoStudy\src\main\resources
2020-01-20 17:56:06,514 [Worker-0] INFO  o.e.m.c.i.embedder.EclipseLogger - Using 'UTF-8' encoding to copy filtered resources.
2020-01-20 17:56:06,514 [Worker-0] INFO  o.e.m.c.i.embedder.EclipseLogger - skip non existing resourceDirectory D:\zBOA\Auto_Workspaces_BOA\StudyAuto\AutoStudy\src\test\resources
2020-01-20 17:56:48,660 [Worker-0] INFO  o.e.m.c.i.embedder.EclipseLogger - Using 'UTF-8' encoding to copy filtered resources.
2020-01-20 17:56:48,661 [Worker-0] INFO  o.e.m.c.i.embedder.EclipseLogger - skip non existing resourceDirectory D:\zBOA\Auto_Workspaces_BOA\StudyAuto\AutoStudy\src\main\resources
2020-01-20 17:56:48,663 [Worker-0] INFO  o.e.m.c.i.embedder.EclipseLogger - Using 'UTF-8' encoding to copy filtered resources.
2020-01-20 17:56:48,664 [Worker-0] INFO  o.e.m.c.i.embedder.EclipseLogger - skip non existing resourceDirectory D:\zBOA\Auto_Workspaces_BOA\StudyAuto\AutoStudy\src\test\resources
2020-01-20 17:57:05,646 [Worker-20] INFO  o.e.m.c.i.embedder.EclipseLogger - Using 'UTF-8' encoding to copy filtered resources.
2020-01-20 17:57:05,646 [Worker-20] INFO  o.e.m.c.i.embedder.EclipseLogger - skip non existing resourceDirectory D:\zBOA\Auto_Workspaces_BOA\StudyAuto\AutoStudy\src\main\resources
2020-01-20 17:57:05,649 [Worker-20] INFO  o.e.m.c.i.embedder.EclipseLogger - Using 'UTF-8' encoding to copy filtered resources.
2020-01-20 17:57:05,649 [Worker-20] INFO  o.e.m.c.i.embedder.EclipseLogger - skip non existing resourceDirectory D:\zBOA\Auto_Workspaces_BOA\StudyAuto\AutoStudy\src\test\resources
2020-01-20 17:57:30,694 [Worker-18] INFO  o.e.m.c.i.embedder.EclipseLogger - Using 'UTF-8' encoding to copy filtered resources.
2020-01-20 17:57:30,695 [Worker-18] INFO  o.e.m.c.i.embedder.EclipseLogger - skip non existing resourceDirectory D:\zBOA\Auto_Workspaces_BOA\StudyAuto\AutoStudy\src\main\resources
2020-01-20 17:57:30,698 [Worker-18] INFO  o.e.m.c.i.embedder.EclipseLogger - Using 'UTF-8' encoding to copy filtered resources.
2020-01-20 17:57:30,699 [Worker-18] INFO  o.e.m.c.i.embedder.EclipseLogger - skip non existing resourceDirectory D:\zBOA\Auto_Workspaces_BOA\StudyAuto\AutoStudy\src\test\resources
2020-01-20 17:57:43,307 [Worker-0] INFO  o.e.m.c.i.embedder.EclipseLogger - Using 'UTF-8' encoding to copy filtered resources.
2020-01-20 17:57:43,308 [Worker-0] INFO  o.e.m.c.i.embedder.EclipseLogger - skip non existing resourceDirectory D:\zBOA\Auto_Workspaces_BOA\StudyAuto\AutoStudy\src\main\resources
2020-01-20 17:57:43,312 [Worker-0] INFO  o.e.m.c.i.embedder.EclipseLogger - Using 'UTF-8' encoding to copy filtered resources.
2020-01-20 17:57:43,312 [Worker-0] INFO  o.e.m.c.i.embedder.EclipseLogger - skip non existing resourceDirectory D:\zBOA\Auto_Workspaces_BOA\StudyAuto\AutoStudy\src\test\resources
2020-01-20 17:58:01,648 [Worker-0] INFO  o.e.m.c.i.embedder.EclipseLogger - Using 'UTF-8' encoding to copy filtered resources.
2020-01-20 17:58:01,648 [Worker-0] INFO  o.e.m.c.i.embedder.EclipseLogger - skip non existing resourceDirectory D:\zBOA\Auto_Workspaces_BOA\StudyAuto\AutoStudy\src\main\resources
2020-01-20 17:58:01,652 [Worker-0] INFO  o.e.m.c.i.embedder.EclipseLogger - Using 'UTF-8' encoding to copy filtered resources.
2020-01-20 17:58:01,653 [Worker-0] INFO  o.e.m.c.i.embedder.EclipseLogger - skip non existing resourceDirectory D:\zBOA\Auto_Workspaces_BOA\StudyAuto\AutoStudy\src\test\resources
2020-01-20 17:58:30,626 [Worker-21] INFO  o.e.m.c.i.embedder.EclipseLogger - Using 'UTF-8' encoding to copy filtered resources.
2020-01-20 17:58:30,627 [Worker-21] INFO  o.e.m.c.i.embedder.EclipseLogger - skip non existing resourceDirectory D:\zBOA\Auto_Workspaces_BOA\StudyAuto\AutoStudy\src\main\resources
2020-01-20 17:58:30,628 [Worker-21] INFO  o.e.m.c.i.embedder.EclipseLogger - Using 'UTF-8' encoding to copy filtered resources.
2020-01-20 17:58:30,629 [Worker-21] INFO  o.e.m.c.i.embedder.EclipseLogger - skip non existing resourceDirectory D:\zBOA\Auto_Workspaces_BOA\StudyAuto\AutoStudy\src\test\resources
2020-01-20 17:59:12,248 [Worker-18] INFO  o.e.m.c.i.l.LifecycleMappingFactory - Using org.eclipse.m2e.jdt.JarLifecycleMapping lifecycle mapping for MavenProject: AutoStudy:AutoStudy:0.0.1-SNAPSHOT @ D:\zBOA\Auto_Workspaces_BOA\StudyAuto\AutoStudy\pom.xml.
2020-01-20 17:59:13,321 [Worker-18] INFO  o.e.m.c.i.embedder.EclipseLogger - Using 'UTF-8' encoding to copy filtered resources.
2020-01-20 17:59:13,322 [Worker-18] INFO  o.e.m.c.i.embedder.EclipseLogger - skip non existing resourceDirectory D:\zBOA\Auto_Workspaces_BOA\StudyAuto\AutoStudy\src\main\resources
2020-01-20 17:59:13,326 [Worker-18] INFO  o.e.m.c.i.embedder.EclipseLogger - Using 'UTF-8' encoding to copy filtered resources.
2020-01-20 17:59:13,326 [Worker-18] INFO  o.e.m.c.i.embedder.EclipseLogger - skip non existing resourceDirectory D:\zBOA\Auto_Workspaces_BOA\StudyAuto\AutoStudy\src\test\resources
2020-01-20 18:02:07,118 [Worker-19] INFO  o.e.m.c.i.embedder.EclipseLogger - Using 'UTF-8' encoding to copy filtered resources.
2020-01-20 18:02:07,119 [Worker-19] INFO  o.e.m.c.i.embedder.EclipseLogger - skip non existing resourceDirectory D:\zBOA\Auto_Workspaces_BOA\StudyAuto\AutoStudy\src\main\resources
2020-01-20 18:02:07,121 [Worker-19] INFO  o.e.m.c.i.embedder.EclipseLogger - Using 'UTF-8' encoding to copy filtered resources.
2020-01-20 18:02:07,121 [Worker-19] INFO  o.e.m.c.i.embedder.EclipseLogger - skip non existing resourceDirectory D:\zBOA\Auto_Workspaces_BOA\StudyAuto\AutoStudy\src\test\resources
2020-01-20 18:46:42,009 [Worker-36] INFO  o.e.m.c.i.l.LifecycleMappingFactory - Using org.eclipse.m2e.jdt.JarLifecycleMapping lifecycle mapping for MavenProject: AutoStudy:AutoStudy:0.0.1-SNAPSHOT @ D:\zBOA\Auto_Workspaces_BOA\StudyAuto\AutoStudy\pom.xml.
2020-01-20 18:46:52,580 [Worker-36] INFO  o.e.m.c.i.embedder.EclipseLogger - Using 'UTF-8' encoding to copy filtered resources.
2020-01-20 18:46:52,580 [Worker-36] INFO  o.e.m.c.i.embedder.EclipseLogger - skip non existing resourceDirectory D:\zBOA\Auto_Workspaces_BOA\StudyAuto\AutoStudy\src\main\resources
2020-01-20 18:46:52,584 [Worker-36] INFO  o.e.m.c.i.embedder.EclipseLogger - Using 'UTF-8' encoding to copy filtered resources.
2020-01-20 18:46:52,584 [Worker-36] INFO  o.e.m.c.i.embedder.EclipseLogger - skip non existing resourceDirectory D:\zBOA\Auto_Workspaces_BOA\StudyAuto\AutoStudy\src\test\resources
2020-01-20 18:46:55,060 [Worker-37] INFO  o.e.m.c.i.embedder.EclipseLogger - Using 'UTF-8' encoding to copy filtered resources.
2020-01-20 18:46:55,060 [Worker-37] INFO  o.e.m.c.i.embedder.EclipseLogger - skip non existing resourceDirectory D:\zBOA\Auto_Workspaces_BOA\StudyAuto\AutoStudy\src\main\resources
2020-01-20 18:46:55,063 [Worker-37] INFO  o.e.m.c.i.embedder.EclipseLogger - Using 'UTF-8' encoding to copy filtered resources.
2020-01-20 18:46:55,063 [Worker-37] INFO  o.e.m.c.i.embedder.EclipseLogger - skip non existing resourceDirectory D:\zBOA\Auto_Workspaces_BOA\StudyAuto\AutoStudy\src\test\resources
2020-01-20 18:47:51,794 [Worker-29] INFO  o.e.m.c.i.p.ProjectConfigurationManager - Update started
2020-01-20 18:47:52,638 [Worker-29] INFO  o.e.m.c.i.l.LifecycleMappingFactory - Using org.eclipse.m2e.jdt.JarLifecycleMapping lifecycle mapping for MavenProject: AutoStudy:AutoStudy:0.0.1-SNAPSHOT @ D:\zBOA\Auto_Workspaces_BOA\StudyAuto\AutoStudy\pom.xml.
2020-01-20 18:47:53,744 [Worker-29] INFO  o.e.m.j.i.AbstractJavaProjectConfigurator - Adding source folder /AutoStudy/src/main/java
2020-01-20 18:47:53,745 [Worker-29] INFO  o.e.m.j.i.AbstractJavaProjectConfigurator - Adding source folder /AutoStudy/src/test/java
2020-01-20 18:47:54,170 [Worker-29] INFO  o.e.m.c.i.p.ProjectConfigurationManager - Update completed: 2 sec
2020-01-20 18:47:55,270 [Worker-29] INFO  o.e.m.c.i.embedder.EclipseLogger - Using 'UTF-8' encoding to copy filtered resources.
2020-01-20 18:47:55,271 [Worker-29] INFO  o.e.m.c.i.embedder.EclipseLogger - skip non existing resourceDirectory D:\zBOA\Auto_Workspaces_BOA\StudyAuto\AutoStudy\src\main\resources
2020-01-20 18:47:55,274 [Worker-29] INFO  o.e.m.c.i.embedder.EclipseLogger - Using 'UTF-8' encoding to copy filtered resources.
2020-01-20 18:47:55,274 [Worker-29] INFO  o.e.m.c.i.embedder.EclipseLogger - skip non existing resourceDirectory D:\zBOA\Auto_Workspaces_BOA\StudyAuto\AutoStudy\src\test\resources
2020-01-20 18:48:10,804 [Worker-29] INFO  o.e.m.c.i.embedder.EclipseLogger - Using 'UTF-8' encoding to copy filtered resources.
2020-01-20 18:48:10,804 [Worker-29] INFO  o.e.m.c.i.embedder.EclipseLogger - skip non existing resourceDirectory D:\zBOA\Auto_Workspaces_BOA\StudyAuto\AutoStudy\src\main\resources
2020-01-20 18:48:10,806 [Worker-29] INFO  o.e.m.c.i.embedder.EclipseLogger - Using 'UTF-8' encoding to copy filtered resources.
2020-01-20 18:48:10,806 [Worker-29] INFO  o.e.m.c.i.embedder.EclipseLogger - skip non existing resourceDirectory D:\zBOA\Auto_Workspaces_BOA\StudyAuto\AutoStudy\src\test\resources
2020-01-20 18:48:29,804 [Worker-36] INFO  o.e.m.c.i.embedder.EclipseLogger - Using 'UTF-8' encoding to copy filtered resources.
2020-01-20 18:48:29,804 [Worker-36] INFO  o.e.m.c.i.embedder.EclipseLogger - skip non existing resourceDirectory D:\zBOA\Auto_Workspaces_BOA\StudyAuto\AutoStudy\src\main\resources
2020-01-20 18:48:29,807 [Worker-36] INFO  o.e.m.c.i.embedder.EclipseLogger - Using 'UTF-8' encoding to copy filtered resources.
2020-01-20 18:48:29,807 [Worker-36] INFO  o.e.m.c.i.embedder.EclipseLogger - skip non existing resourceDirectory D:\zBOA\Auto_Workspaces_BOA\StudyAuto\AutoStudy\src\test\resources
2020-01-20 18:49:06,388 [Worker-36] INFO  o.e.m.c.i.embedder.EclipseLogger - Using 'UTF-8' encoding to copy filtered resources.
2020-01-20 18:49:06,388 [Worker-36] INFO  o.e.m.c.i.embedder.EclipseLogger - skip non existing resourceDirectory D:\zBOA\Auto_Workspaces_BOA\StudyAuto\AutoStudy\src\main\resources
2020-01-20 18:49:06,391 [Worker-36] INFO  o.e.m.c.i.embedder.EclipseLogger - Using 'UTF-8' encoding to copy filtered resources.
2020-01-20 18:49:06,391 [Worker-36] INFO  o.e.m.c.i.embedder.EclipseLogger - skip non existing resourceDirectory D:\zBOA\Auto_Workspaces_BOA\StudyAuto\AutoStudy\src\test\resources
2020-01-20 18:49:11,156 [Worker-36] INFO  o.e.m.c.i.embedder.EclipseLogger - Using 'UTF-8' encoding to copy filtered resources.
2020-01-20 18:49:11,156 [Worker-36] INFO  o.e.m.c.i.embedder.EclipseLogger - skip non existing resourceDirectory D:\zBOA\Auto_Workspaces_BOA\StudyAuto\AutoStudy\src\main\resources
2020-01-20 18:49:11,158 [Worker-36] INFO  o.e.m.c.i.embedder.EclipseLogger - Using 'UTF-8' encoding to copy filtered resources.
2020-01-20 18:49:11,158 [Worker-36] INFO  o.e.m.c.i.embedder.EclipseLogger - skip non existing resourceDirectory D:\zBOA\Auto_Workspaces_BOA\StudyAuto\AutoStudy\src\test\resources
2020-01-20 18:49:19,357 [Worker-39] INFO  o.e.m.c.i.embedder.EclipseLogger - Using 'UTF-8' encoding to copy filtered resources.
2020-01-20 18:49:19,358 [Worker-39] INFO  o.e.m.c.i.embedder.EclipseLogger - skip non existing resourceDirectory D:\zBOA\Auto_Workspaces_BOA\StudyAuto\AutoStudy\src\main\resources
2020-01-20 18:49:19,360 [Worker-39] INFO  o.e.m.c.i.embedder.EclipseLogger - Using 'UTF-8' encoding to copy filtered resources.
2020-01-20 18:49:19,360 [Worker-39] INFO  o.e.m.c.i.embedder.EclipseLogger - skip non existing resourceDirectory D:\zBOA\Auto_Workspaces_BOA\StudyAuto\AutoStudy\src\test\resources
2020-01-20 18:52:28,349 [Worker-36] INFO  o.e.m.c.i.embedder.EclipseLogger - Using 'UTF-8' encoding to copy filtered resources.
2020-01-20 18:52:28,349 [Worker-36] INFO  o.e.m.c.i.embedder.EclipseLogger - skip non existing resourceDirectory D:\zBOA\Auto_Workspaces_BOA\StudyAuto\AutoStudy\src\main\resources
2020-01-20 18:52:28,351 [Worker-36] INFO  o.e.m.c.i.embedder.EclipseLogger - Using 'UTF-8' encoding to copy filtered resources.
2020-01-20 18:52:28,352 [Worker-36] INFO  o.e.m.c.i.embedder.EclipseLogger - skip non existing resourceDirectory D:\zBOA\Auto_Workspaces_BOA\StudyAuto\AutoStudy\src\test\resources
